2025-07-20 01:51:52   Build version: 2025.2 Release from 2024-12-16 (change 1361105)

2025-07-20 01:51:52   Starting adaptive port meshing.

                      ------------------------------------------------------------------------------
2025-07-20 01:51:52   Mode calculation for port 1:

                      ------------------------------------------------------------------------------
2025-07-20 01:51:52   According to the selected features the <Time Domain Solver (HEX)> will be
                      started.

                      ------------------------------------------------------------------------------
2025-07-20 01:51:53   

                      ------------------------------------------------------------------------------
2025-07-20 01:51:53   

                      ------------------------------------------------------------------------------
2025-07-20 01:51:54   Using Generalized port mode solver.

                      ------------------------------------------------------------------------------
2025-07-20 01:51:54     ------------------------------- F-Calc 1.42 --------------------------------
                        Port   Mode   Type        Z-Wave        Z-Wave-Sigma  Z-Line        F-Cutoff
                        1      1      TE          366           11.4          ---           2.042
                        ----------------------------------------------------------------------------

2025-07-20 01:51:54   Pass 1 successfully completed. 
2025-07-20 01:51:54   Adaptive port meshing finished. 

                      ------------------------------------------------------------------------------
2025-07-20 01:51:54   The following farfield monitor(s) have been adjusted to model box [-606.634,
                      606.634, -606.634, 606.634, -36.9717, 509.195]:
                        farfield (f=1.42).
                      For further information please check the page "Special Solver Parameters -
                      Solver" in the Online Help.

                      ------------------------------------------------------------------------------
2025-07-20 01:51:54   According to the selected features the <Time Domain Solver (HEX)> will be
                      started.

                      ------------------------------------------------------------------------------
2025-07-20 01:51:54   
                      Solver started at: 2025-07-20 01:51:54 +0800

                        Module:  Time Domain: S-Parameter (Win 64)
                        Version: 2025.2 Release from 2024-12-16 (change 1361105)

2025-07-20 01:51:54   

                      ------------------------------------------------------------------------------
2025-07-20 01:51:54   

                      ------------------------------------------------------------------------------
2025-07-20 01:51:54   ======================================================================
                       Solver cycle: 1
                      ======================================================================

                      Stimulation at port 1 (mode 1) 



                      ------------------------------------------------------------------------------
2025-07-20 01:51:54   Units settings: 

                        Dimensions: mm
                        Frequency:  GHz
                        Time:       ns

                      ------------------------------------------------------------------------------
2025-07-20 01:51:54   The dispersive material update [Automatic] will be performed using the "Standard" update schema

                      ------------------------------------------------------------------------------
2025-07-20 01:52:51   *** Warning ***

2025-07-20 01:52:51   10 mesh edges are partially filled with PEC.
                       More...

                      ------------------------------------------------------------------------------
2025-07-20 01:52:52   Mesh statistics:

                         Hexahedral mesh type: Perfect Boundary Approximation (PBA)
                            Version: default

                         Parallelization type: domain decomposition
                            Number of parallel working threads: 8
                            Number of calculation domains used: 32

                         Used point accuracy enhancement value: 75.00%.
                         Acceleration mode: CPU
                         Used point accuracy enhancement value: 0.00%.
                         PBA fill limit: 85.00% (inverse)

2025-07-20 01:52:56   Using Generalized port mode solver.

                      ------------------------------------------------------------------------------
2025-07-20 01:52:56   Boundary conditions: 

                        YZsymmetry: none
                        XZsymmetry: none
                        XYsymmetry: none

                        Xmin: expanded open, 4 Layer, depth 50.2375 mm
                        Xmax: expanded open, 4 Layer, depth 50.2375 mm

                        Ymin: expanded open, 4 Layer, depth 50.2375 mm
                        Ymax: expanded open, 4 Layer, depth 50.2375 mm

                        Zmin: expanded open, 4 Layer, depth 53.5627 mm
                        Zmax: expanded open, 4 Layer, depth 52.7804 mm

                        PML-Type: Convolution PML

                      ------------------------------------------------------------------------------
2025-07-20 01:52:56   Frequency settings: 

                        Fmin:         1.41
                        Fmax:         1.43
                        Nfsteps(lin): 1001

                      ------------------------------------------------------------------------------
2025-07-20 01:52:56   Field update statistics:

                        Number of components in total: 	17743072
                        Number of TST and special elements:	18563

                      Subcycling state:      			Automatically deactivated

                      ------------------------------------------------------------------------------
2025-07-20 01:52:56   Waveguide boundaries:

2025-07-20 01:52:56   Port: 1

2025-07-20 01:52:56     ------------------------------- F-Calc 1.42 --------------------------------
                        Port   Mode   Type        Z-Wave        Z-Wave-Sigma  Z-Line        F-Cutoff
                        1      1      TE          368           12.7          ---           2.042
                        ----------------------------------------------------------------------------

2025-07-20 01:52:56   *** Warning ***

2025-07-20 01:52:56   The following port mode is excited below its cutoff frequency: 1(1). 

                      ------------------------------------------------------------------------------
2025-07-20 02:29:53   
                      --------------------------------------------------------------------------------
2025-07-20 02:29:53   Steady state energy criterion met, solver finished successfully.

                      ------------------------------------------------------------------------------
2025-07-20 02:29:53   Frequency domain results normalized to default signal.


                      ------------------------------------------------------------------------------
2025-07-20 02:29:53   
                        ----------------------------------------------------------------------------
                                            Peak memory used (kB)         Free physical memory (kB) 
                                                                          At begin     Minimum      
                        ----------------------------------------------------------------------------
                        CAD preparation     1205200                       25578424     24564072     
                        Matrices calc.      776058                        25575195     24642578     
                        Solver run total    802560                        25603520     24582456     
                        ----------------------------------------------------------------------------

                      --------------------------------------------------------------------------------
                      Solver Statistics:

                        Hardware:
                           Computer name:                 	uni-navigator 

                           Number of CPU threads:               8
                           Hardware info:                  	Hardware Accelerator Device not activated

                        Number of mesh cells:             	2912256
                        Excitation duration:              	3.55454875e+002 ns 
                        Calculation time for excitation:  	0 	s
                        Number of calculated pulse widths:	1.00044 
                        Steady state accuracy limit:      	-30	dB 
                        Simulated number of time steps:   	98368 
                        Maximum number of time steps:     	1966494 
                        Time step width:
                           without subcycles:             	3.615111542e-003 ns
                           used:                          	3.615111542e-003 ns

                        CAD preparation time:             	16     	s
                        Matrix calculation time:          	42 	s
                        Solver setup time:                	3 	s
                        Solver loop time:                 	2213 	s
                        Solver post-processing time:      	3 	s
                                                          	------------
                        Total solver time:                	2277 	s  ( = 0 h, 37 m, 57 s )

                      ------------------------------------------------------------------------------
2025-07-20 02:29:53   
                        Adaptive port meshing time:          	20     	s
                        Total solver time (all cycles):      	2277   	s  ( = 0 h, 37 m, 57 s )
                        Solver initialization and clean-up:  	2      	s
                                                             	------------
                        Total simulation time:               	2299   	s  ( = 0 h, 38 m, 19 s )

                      ------------------------------------------------------------------------------
2025-07-20 02:29:53   Solver finished at: 2025-07-20 02:29:53 +0800



                      ------------------------------------------------------------------------------
2025-07-20 02:53:06   Line impedance adaptation results found. Adaptive port meshing skipped.

                      ------------------------------------------------------------------------------
2025-07-20 02:53:06   The following farfield monitor(s) have been adjusted to model box [-606.634,
                      606.634, -606.634, 606.634, -36.9717, 509.195]:
                        farfield (f=1.42).
                      For further information please check the page "Special Solver Parameters -
                      Solver" in the Online Help.

                      ------------------------------------------------------------------------------
2025-07-20 02:53:06   According to the selected features the <Time Domain Solver (HEX)> will be
                      started.

                      ------------------------------------------------------------------------------
2025-07-20 02:53:06   
                      Solver started at: 2025-07-20 02:53:06 +0800

                        Module:  Time Domain: S-Parameter (Win 64)
                        Version: 2025.2 Release from 2024-12-16 (change 1361105)

2025-07-20 02:53:06   

                      ------------------------------------------------------------------------------
2025-07-20 02:53:06   

                      ------------------------------------------------------------------------------
2025-07-20 02:53:06   ======================================================================
                       Solver cycle: 1
                      ======================================================================

                      Stimulation at port 1 (mode 1) 



                      ------------------------------------------------------------------------------
2025-07-20 02:53:06   Units settings: 

                        Dimensions: mm
                        Frequency:  GHz
                        Time:       ns

                      ------------------------------------------------------------------------------
2025-07-20 02:53:06   The dispersive material update [Automatic] will be performed using the "Standard" update schema

                      ------------------------------------------------------------------------------
2025-07-20 02:53:07   *** Warning ***

2025-07-20 02:53:07   10 mesh edges are partially filled with PEC.
                       More...

                      ------------------------------------------------------------------------------
2025-07-20 02:53:09   Using Generalized port mode solver.

                      ------------------------------------------------------------------------------
2025-07-20 02:53:09   Boundary conditions: 

                        YZsymmetry: none
                        XZsymmetry: none
                        XYsymmetry: none

                        Xmin: expanded open, 4 Layer, depth 50.2375 mm
                        Xmax: expanded open, 4 Layer, depth 50.2375 mm

                        Ymin: expanded open, 4 Layer, depth 50.2375 mm
                        Ymax: expanded open, 4 Layer, depth 50.2375 mm

                        Zmin: expanded open, 4 Layer, depth 53.5627 mm
                        Zmax: expanded open, 4 Layer, depth 52.7804 mm

                        PML-Type: Convolution PML

                      ------------------------------------------------------------------------------
2025-07-20 02:53:09   Frequency settings: 

                        Fmin:         1.41
                        Fmax:         1.43
                        Nfsteps(lin): 1001

                      ------------------------------------------------------------------------------
2025-07-20 02:53:09   Field update statistics:

                        Number of components in total: 	17743072
                        Number of TST and special elements:	18563

                      Subcycling state:      			Automatically deactivated

                      ------------------------------------------------------------------------------
2025-07-20 02:53:09   Waveguide boundaries:

2025-07-20 02:53:09   Port: 1

2025-07-20 02:53:10   Reloaded mode(s) for port 1.

                      ------------------------------------------------------------------------------
2025-07-20 02:53:10   *** Warning ***

2025-07-20 02:53:10   The following port mode is excited below its cutoff frequency: 1(1). 

                      ------------------------------------------------------------------------------
2025-07-20 02:54:55   
                      --------------------------------------------------------------------------------
2025-07-20 02:54:55   *** Warning ***

2025-07-20 02:54:55   Solver run aborted by user (discarding results).

                      ------------------------------------------------------------------------------
2025-07-20 02:54:55   Frequency domain results normalized to default signal.


                      ------------------------------------------------------------------------------
2025-07-20 02:54:55   
                        ----------------------------------------------------------------------------
                                            Peak memory used (kB)         Free physical memory (kB) 
                                                                          At begin     Minimum      
                        ----------------------------------------------------------------------------
                        CAD preparation     1205200                       25578424     24564072     
                        Matrices calc.      776058                        25575195     24642578     
                        Solver run total    681180                        25833188     25050396     
                        ----------------------------------------------------------------------------

                      --------------------------------------------------------------------------------
                      Solver Statistics:

                        Hardware:
                           Computer name:                 	uni-navigator 

                           Number of CPU threads:               8
                           Hardware info:                  	Hardware Accelerator Device not activated

                        Number of mesh cells:             	2912256
                        Excitation duration:              	3.55454875e+002 ns 
                        Calculation time for excitation:  	0 	s
                        Number of calculated pulse widths:	0.0330436 
                        Steady state accuracy limit:      	-30	dB 
                        Simulated number of time steps:   	3249 
                        Maximum number of time steps:     	1966494 
                        Time step width:
                           without subcycles:             	3.615111542e-003 ns
                           used:                          	3.615111542e-003 ns

                        Reloading matrices:               	0 	s
                        Solver setup time:                	3 	s
                        Solver loop time:                 	105 	s
                        Solver post-processing time:      	0 	s
                                                          	------------
                        Total solver time:                	108 	s  ( = 0 h, 1 m, 48 s )

                      ------------------------------------------------------------------------------
2025-07-20 02:54:55   
                        Total solver time (all cycles):      	63     	s  ( = 0 h, 1 m, 3 s )
                        Pause time:                          	45     	s
                        Solver initialization and clean-up:  	1      	s
                                                             	------------
                        Total simulation time:               	109    	s  ( = 0 h, 1 m, 49 s )

                      ------------------------------------------------------------------------------
2025-07-20 02:54:55   Solver finished at: 2025-07-20 02:54:55 +0800



                      ------------------------------------------------------------------------------
