Frontend-Node:  =======================================================================
                FPBA has been activated in order to calculate connectivity information.
                =======================================================================

==============================================================================================
[Boundaries] - MCalc
open-add-space, open-add-space, open-add-space, open-add-space, open-add-space, open-add-space
==============================================================================================

========================================
[Mesh] Matrix calculation - NO ACIS mode
========================================

=============================
[Mesh] Expansion: 0 0 0 0 0 0
=============================

==================================================================================================
 - hardware info
   + cpu name                    : Intel(R) Core(TM) i7-14650HX
   + sockets                     : 1
   + cores per socket            : 8
   + hyperthreading              : on
   + ht-units                    : 2
   + efficiency cores            : 8, not used
   + max cpuid level             : 32
   + max cpuid ext. level        : 8
   + numa nodes                  : 1
   + Numa Memory Info
     numa node     installed     available    (MByte)
       0                 0         25051
   + internal cpu info           : CPUID: selected engine is 'Leaf 0xB detection'
performance cores:
apic ids           : 0, 1, 8, 9, 16, 17, 24, 25, 32, 33, 40, 41, 48, 49, 56, 57
apic ids (fallback): 0, 1, 8, 9, 16, 17, 24, 25, 32, 33, 40, 41, 48, 49, 56, 57
from cpu registers: 0, 1, 8, 9, 16, 17, 24, 25, 32, 33, 40, 41, 48, 49, 56, 57
fallback: 0, 1, 8, 9, 16, 17, 24, 25, 32, 33, 40, 41, 48, 49, 56, 57
combined: 0, 1, 8, 9, 16, 17, 24, 25, 32, 33, 40, 41, 48, 49, 56, 57
core 0 type: Intel Core
core 1 type: Intel Core
core 2 type: Intel Core
core 3 type: Intel Core
core 4 type: Intel Core
core 5 type: Intel Core
core 6 type: Intel Core
core 7 type: Intel Core
core 8 type: Intel Core
core 9 type: Intel Core
core 10 type: Intel Core
core 11 type: Intel Core
core 12 type: Intel Core
core 13 type: Intel Core
core 14 type: Intel Core
core 15 type: Intel Core
max id per cpu: 128
SMT mask: 1
Core mask: 7e
Package mask: ffffff80
set results:
  - packages: 1
  - cores: 8
  - smts: 2
generate core map, new implementation
0, 1, 2, 3, 4, 5, 6, 7, 8, 9, 10, 11, 12, 13, 14, 15
packages: 1
cores   : 8
ht units: 2
efficiency cores:
apic ids           : 64, 66, 68, 70, 72, 74, 76, 78
apic ids (fallback): 64, 66, 68, 70, 72, 74, 76, 78
from cpu registers: 64, 66, 68, 70, 72, 74, 76, 78
fallback: 64, 66, 68, 70, 72, 74, 76, 78
combined: 64, 66, 68, 70, 72, 74, 76, 78
core 0 type: Intel Atom
core 1 type: Intel Atom
core 2 type: Intel Atom
core 3 type: Intel Atom
core 4 type: Intel Atom
core 5 type: Intel Atom
core 6 type: Intel Atom
core 7 type: Intel Atom
max id per cpu: 128
SMT mask: 1
Core mask: 7e
Package mask: ffffff80
set results:
  - packages: 1
  - cores: 8
  - smts: 1
generate core map, new implementation
0, 1, 2, 3, 4, 5, 6, 7
packages: 1
cores   : 8
ht units: 1
 - pinning rule in use   : PINNING_RULE_MCALC_SKIP_ALL
 - desired group         : 0
 - num cores available   : 24
 - efficiency cores      : 8, not used
 - active core list from affinity: 
   + num accessible procs          : 24
   + num logical procs             : 24
   + current affinity (env)        : 0,1,2,3,4,5,6,7,8,9,10,11,12,13,14,15,16,17,18,19,20,21,22,23
   + sockets ids in                : 0
   + core list                  (1): 0,2,4,6,8,10,12,14,16,17,18,19,20,21,22,23
 - active cores          : 0,2,4,6,8,10,12,14,16,17,18,19,20,21,22,23
 - hyperthreading        : on
 - allowed core ids      : 0,2,4,6,8,10,12,14
 - allowed core ids (aff): 10101010 10101010 00000000 
 - used mask (string)    : 10101010 10101010 00000000 
==================================================================================================

===================================================================================================
Version: 2025.2 Release from 2024-12-16 (change 1361105) [Release]
Workflow: PBA matrix coefficients
Operation: [acis, fpba, meshfill, bg, port-path, port-domain, tst, tst-nextgen, coeff, surface-imp]
Architecture: Windows, ID: AMD64
System Windows-64bit
Using processor group 0/1
Matrix calculation information:
# of Nodes: 0
Concurrency: 0
Start ID: 0
Node ID: 0
HEX Mesh information:
Hex mesh: global: [hxr o(0 | 0 | 0) s(21 | 21 | 4) np (no TSTs): 1764] 
===================================================================================================

>>>>>>>>>>>>>>>>>>>>>>>>>>>>>>>>>>>>>>>>
Sat Sat Jul 19 22:01:25 2025
started: calculating matrix coefficients
>>>>>>>>>>>>>>>>>>>>>>>>>>>>>>>>>>>>>>>>

============================================================
Matrix computation (PBA)
	[Perfect Boundary Approximation (PBA), version: default]
	[GPU acceleration: off (by user)]
Version: 2025.2 Release from 2024-12-16 (change 1361105)
PBA version: default, 2.20240218
Model compatibility: 2025.20241216
Sub-Workflow: FARM-1x1-TST2
Workflow updated: -
Sat Sat Jul 19 22:01:25 2025
============================================================

----------------------------------------------
Used point accuracy enhancement value: 75.00%.
----------------------------------------------

========================================================================
The maximum supported number of mesh cells without MPI is: 2,147,483,647
========================================================================

------------------------------------------------------------------------------------------------
Geometry processing log
	PEC background is represented by CAD geometry: false
	Background shape: added
	Multithread portion: 100.00
	Number of CAD shapes: 1
	Number of lumps: 0
------------------------------------------------------------------------------------------------
=========================================
== CST Matrix Calculation Priority Log ==
=========================================
Priorities are sorted in ascending order beginning with the lowest priority
 
Group | Shape-ID | ShapeName | Material | User-priority | 2D/3D-Geometry | Material-attributes | Shape-attributes | Feature-ID | Schemetype
1 | 2 | </cst/Boundaries/> Low^X | $NFSMaterial$ | n/a | no | normal.vacuum. | boundary. | n/a | FIT_TD
1 | 3 | </cst/Boundaries/> Low^Y | $NFSMaterial$ | n/a | no | normal.vacuum. | boundary. | n/a | FIT_TD
1 | 4 | </cst/Boundaries/> Low^Z | $NFSMaterial$ | n/a | no | normal.vacuum. | boundary. | n/a | FIT_TD
1 | 5 | </cst/Boundaries/> Up^X | $NFSMaterial$ | n/a | no | normal.vacuum. | boundary. | n/a | FIT_TD
1 | 6 | </cst/Boundaries/> Up^Y | $NFSMaterial$ | n/a | no | normal.vacuum. | boundary. | n/a | FIT_TD
1 | 7 | </cst/Boundaries/> Up^Z | $NFSMaterial$ | n/a | no | normal.vacuum. | boundary. | n/a | FIT_TD
2 | 1 | component1:solid1__1_0 | PEC | n/a | yes | pec. | solid. | n/a | FIT_TD
=========================================
************************************************************************************************
General settings
	PBA version: default, 2.20240218, potentials: not required
	Model compatibility: 2025.20241216
	Software version: 2025.2 Release from 2024-12-16 (change 1361105)
	TST specials: -
------------------------------------------------------------------------------------------------
Geometry processor: default
	Geo accuracy: 75.000000
	Watertightness check: true
	Self intersection check: false
	Inheritance (all): false
	Normal dominance (all): false
	Normal dominance (ports): false
	Flanges hollow: true
	One shape per flange: false
	Multi threading: true
		max # of threads used: 16
		requested max # of threads: 16
		representation: indexed
		method: multi thread
		retry: no
------------------------------------------------------------------------------------------------
CAD processing settings are set to default
------------------------------------------------------------------------------------------------
Connectivity settings
	Workflow selection: 0
	Workflow version: 20180101
	Gap detection: true
	Gap detection version: 2
	TST version: default, 2.20240218, potentials: not required
	QQ workflow: true
	CoCo workflow: true
	Legacy topology: false
	Connectivity check: false
------------------------------------------------------------------------------------------------
------------------------------------------------------------------------------------------------
CAD Processing Version Info
	ACIS version installed:	34.0.1
	ACIS version used:	34.0.1
------------------------------------------------------------------------------------------------
Success method:	multi-thread-22
************************************************************************************************

-------------------------------------------------
Geometry representation: extended-edge
Shared memory: none
FARM allocation scheme: PA
Parallelization: off
Gap-Detection activated for FARM-topology. Gaps are resolved, even partially.: gap tolerance value is 0.001000 and mesh geometry scale is 0.001000

----------------------
Acceleration mode: CPU
----------------------

Port homogenization method: M2H point index deviation
ccccccccccccccccccccccccccccccccccccccccccccccccccccccccccccccccccccc
FARM/Meshfill cache is set to 8 (local FI domains: 1, dynamic: false)
ccccccccccccccccccccccccccccccccccccccccccccccccccccccccccccccccccccc

=============================================================
Hex cell analyzer settings:
	max number of E fields per mesh edge: 2
	max number of H fields per mesh face: 4
	supporting dual grid: false
	performance improvement: ROI limit: true
	performance improvement: ROI threshold: 2
	performance improvement: single topology extraction: true
	performance improvement: pre-categorize cell volume: true
	periodic align: 0
	periodic cells: true
	homogenization version: pid
=============================================================

===============
TST specials: -
===============

============================================================================================================================================
TST cell analysis in range (0 | 0 | 0) -> (21 | 21 | 4) [total range (0 | 0 | 0) -> (21 | 21 | 4)]  [mpi range (0 | 0 | 0) -> (21 | 21 | 4)]
============================================================================================================================================

------------------------
TST Statistics:
E Split (32 | 32 | 0)
E Adapt (192 | 192 | 48)
B Split (24 | 24 | 224)
B Adapt (0 | 0 | 0)
------------------------

-------------------------------------------------------------
TST Version 2.20240218, tst tiny faces fix: on, TST1 BWC: off
-------------------------------------------------------------

------------------------------------------------------------------------------
+++++++++++++++++++++++++++++++++++++++++++++++++++++
settings for port mode calculation
+++++++++++++++++++++++++++++++++++++++++++++++++++++
PBA fill limit is applied in inverse mode.
PBA fill limit is applied on faces filled with at least 99.00% metal material.
--------------------------------------------------------------
detailed accuracy settings:
--------------------------------------------------------------
augmented fill limit:       true
augmented fill limit value: 99.00
automatic fill limit:       true
early fill limit:           true
inverse fill limit:         true
model complexity:           0.00
legacy 2015:                false
fixed point accuracy:       false
minimum point accuracy:     0
mesh step inheritance:      false
accuracy mode:              
------------------------------------------------------------------------------

--------------------------------------
Glued 0 metal grid points in port area
--------------------------------------

-------------------------------------------------------------------------------
TST aware field source monitor processing forced by environment variable: false
No TST aware field source monitors to be processed
-------------------------------------------------------------------------------

=================================
Finished matrix computation (PBA)
=================================

<<<<<<<<<<<<<<<<<<<<<<<<<<<<<<<<<<<<<<<<<<<<<<<<<<<<<
Sat Sat Jul 19 22:01:26 2025
Resource usage for calculating matrix coefficients:
	Runtime                          00:00:01.00482 s
	Peak Memory Usage:                        50 MB
<<<<<<<<<<<<<<<<<<<<<<<<<<<<<<<<<<<<<<<<<<<<<<<<<<<<<

--------------------------------
# of staircase filled cells: 0
# of staircase filled areas: 0
# of staircase filled edges: 0
# of faces above fill limit: 0
# of edges with FPBA topology: 0
--------------------------------

Frontend-Node:  =======================================================================
                FPBA has been activated in order to calculate connectivity information.
                =======================================================================

>>>>>>>>>>>>>>>>>>>>>>>>>>>>>>>>
Sat Sat Jul 19 22:01:28 2025
started: parallelization control
>>>>>>>>>>>>>>>>>>>>>>>>>>>>>>>>

=============================================================================================================
Access to CPU cores has been restricted for this process, reduce number of parallel matrixcalcs from 8 to 16.
=============================================================================================================

==================================================================================================
 - hardware info
   + cpu name                    : Intel(R) Core(TM) i7-14650HX
   + sockets                     : 1
   + cores per socket            : 8
   + hyperthreading              : on
   + ht-units                    : 2
   + efficiency cores            : 8, not used
   + max cpuid level             : 32
   + max cpuid ext. level        : 8
   + numa nodes                  : 1
   + Numa Memory Info
     numa node     installed     available    (MByte)
       0                 0         25053
   + internal cpu info           : CPUID: selected engine is 'Leaf 0xB detection'
performance cores:
apic ids           : 0, 1, 8, 9, 16, 17, 24, 25, 32, 33, 40, 41, 48, 49, 56, 57
apic ids (fallback): 0, 1, 8, 9, 16, 17, 24, 25, 32, 33, 40, 41, 48, 49, 56, 57
from cpu registers: 0, 1, 8, 9, 16, 17, 24, 25, 32, 33, 40, 41, 48, 49, 56, 57
fallback: 0, 1, 8, 9, 16, 17, 24, 25, 32, 33, 40, 41, 48, 49, 56, 57
combined: 0, 1, 8, 9, 16, 17, 24, 25, 32, 33, 40, 41, 48, 49, 56, 57
core 0 type: Intel Core
core 1 type: Intel Core
core 2 type: Intel Core
core 3 type: Intel Core
core 4 type: Intel Core
core 5 type: Intel Core
core 6 type: Intel Core
core 7 type: Intel Core
core 8 type: Intel Core
core 9 type: Intel Core
core 10 type: Intel Core
core 11 type: Intel Core
core 12 type: Intel Core
core 13 type: Intel Core
core 14 type: Intel Core
core 15 type: Intel Core
max id per cpu: 128
SMT mask: 1
Core mask: 7e
Package mask: ffffff80
set results:
  - packages: 1
  - cores: 8
  - smts: 2
generate core map, new implementation
0, 1, 2, 3, 4, 5, 6, 7, 8, 9, 10, 11, 12, 13, 14, 15
packages: 1
cores   : 8
ht units: 2
efficiency cores:
apic ids           : 64, 66, 68, 70, 72, 74, 76, 78
apic ids (fallback): 64, 66, 68, 70, 72, 74, 76, 78
from cpu registers: 64, 66, 68, 70, 72, 74, 76, 78
fallback: 64, 66, 68, 70, 72, 74, 76, 78
combined: 64, 66, 68, 70, 72, 74, 76, 78
core 0 type: Intel Atom
core 1 type: Intel Atom
core 2 type: Intel Atom
core 3 type: Intel Atom
core 4 type: Intel Atom
core 5 type: Intel Atom
core 6 type: Intel Atom
core 7 type: Intel Atom
max id per cpu: 128
SMT mask: 1
Core mask: 7e
Package mask: ffffff80
set results:
  - packages: 1
  - cores: 8
  - smts: 1
generate core map, new implementation
0, 1, 2, 3, 4, 5, 6, 7
packages: 1
cores   : 8
ht units: 1
 - pinning rule in use   : PINNING_RULE_MCALC_SKIP_ALL
 - desired group         : 0
 - num cores available   : 24
 - efficiency cores      : 8, not used
 - active core list from affinity: 
   + num accessible procs          : 24
   + num logical procs             : 24
   + current affinity (env)        : 0,1,2,3,4,5,6,7,8,9,10,11,12,13,14,15,16,17,18,19,20,21,22,23
   + sockets ids in                : 0
   + core list                  (1): 0,2,4,6,8,10,12,14,16,17,18,19,20,21,22,23
 - active cores          : 0,2,4,6,8,10,12,14,16,17,18,19,20,21,22,23
 - hyperthreading        : on
 - allowed core ids      : 0,2,4,6,8,10,12,14
 - allowed core ids (aff): 10101010 10101010 00000000 
 - used mask (string)    : 10101010 10101010 00000000 
==================================================================================================

==========================================================================
Version: 2025.2 Release from 2024-12-16 (change 1361105) [Release]
Workflow: QQ-Facets
Operation: [acis, fpba, bg]
Architecture: Windows, ID: AMD64
System Windows-64bit
Using processor group 0/1
Matrix calculation information:
# of Nodes: 0
Concurrency: 0
Start ID: 0
Node ID: 0
HEX Mesh information:
Hex mesh: global: [hxr o(0 | 0 | 0) s(59 | 59 | 39) np (no TSTs): 135759] 
==========================================================================

>>>>>>>>>>>>>>>>>>>>>>>>>>>>>
Sat Sat Jul 19 22:01:28 2025
started: processing CAD model
>>>>>>>>>>>>>>>>>>>>>>>>>>>>>

========================================================================
Processing CAD model (for field results)
	[Improved internal geometry representation]
	[Accuracy improvement for long shapes in inhomogeneous mesh regions]
Version: 2025.2 Release from 2024-12-16 (change 1361105)
PBA version: default, 2.20240218
Model compatibility: 2025.20241216
Sub-Workflow: Facets-QQ-GEX
Workflow updated: -
Sat Sat Jul 19 22:01:28 2025
========================================================================

========================================================================
The maximum supported number of mesh cells without MPI is: 2,147,483,647
========================================================================

===========================================
Finished CAD processing (for field results)
===========================================

<<<<<<<<<<<<<<<<<<<<<<<<<<<<<<<<<<<<<<<<<<<<
Sat Sat Jul 19 22:01:29 2025
Resource usage for processing CAD model:
	Runtime                 00:00:00.00843 s
	Peak Memory Usage:               19 MB
<<<<<<<<<<<<<<<<<<<<<<<<<<<<<<<<<<<<<<<<<<<<

>>>>>>>>>>>>>>>>>>>>>>>>>>>>>
Sat Sat Jul 19 22:01:29 2025
started: processing CAD model
>>>>>>>>>>>>>>>>>>>>>>>>>>>>>

>2025-07-19 22:01:29.00461< matrixcalc_AMD64 @ uni-navigator:  !!!!!!!!!!!!!!!!!!!!!!!!!!!!!!!!!!!!!!!
                                                               current system memory usage reached 50%
                                                               !!!!!!!!!!!!!!!!!!!!!!!!!!!!!!!!!!!!!!!

========================================================================
Processing CAD model
	[Improved internal geometry representation]
	[Accuracy improvement for long shapes in inhomogeneous mesh regions]
Version: 2025.2 Release from 2024-12-16 (change 1361105)
PBA version: default, 2.20240218
Model compatibility: 2025.20241216
Sub-Workflow: Facets-QQ-GEX
Workflow updated: -
Sat Sat Jul 19 22:01:29 2025
========================================================================

----------------------------------------------
Used point accuracy enhancement value: 46.00%.
----------------------------------------------

=============================================================================
Mesh statistics:
-----------------------------------------------------------------------------
Minimum edge length (x): 3 @ mesh line 20 (x)
Maximum edge length (x): 11.3 @ mesh line 0 (x)
Minimum face area (x): 3.36 @ mesh lines 20 | 17 (y | z)
Maximum face area (x): 133 @ mesh lines 0 | 0 (y | z)
Minimum edge length (y): 3 @ mesh line 20 (y)
Maximum edge length (y): 11.3 @ mesh line 0 (y)
Minimum face area (y): 3.36 @ mesh lines 17 | 20 (z | x)
Maximum face area (y): 133 @ mesh lines 0 | 0 (z | x)
Minimum edge length (z): 1.12 @ mesh line 17 (z)
Maximum edge length (z): 11.8 @ mesh line 0 (z)
Minimum face area (z): 9 @ mesh lines 20 | 20 (x | y)
Maximum face area (z): 128 @ mesh lines 0 | 0 (x | y)
Maximum mesh face aspect ratio (x): 10.1 : 1.0  @ mesh lines 0 | 17 (y | z)
Maximum mesh face aspect ratio (y): 10.1 : 1.0  @ mesh lines 17 | 0 (z | x)
Maximum mesh face aspect ratio (z): 3.77 : 1.0  @ mesh lines 20 | 0 (x | y)
=============================================================================

=============================================================================
Available resources to store TST cells: 2147347888 (1581735.20% of mesh size)
=============================================================================

========================================================================
The maximum supported number of mesh cells without MPI is: 2,147,483,647
========================================================================

------------------------------------------------------------------------------------------------
Geometry processing log
	PEC background is represented by CAD geometry: false
	Background shape: added
	Multithread portion: 100.00
	Number of CAD shapes: 1
	Number of lumps: 0
------------------------------------------------------------------------------------------------
=========================================
== CST Matrix Calculation Priority Log ==
=========================================
Priorities are sorted in ascending order beginning with the lowest priority
 
Group | Shape-ID | ShapeName | Material | User-priority | 2D/3D-Geometry | Material-attributes | Shape-attributes | Feature-ID | Schemetype
1 | 2 | </cst/Boundaries/> Low^X | $NFSMaterial$ | n/a | no | normal.vacuum. | boundary. | n/a | FIT_TD
1 | 3 | </cst/Boundaries/> Low^Y | $NFSMaterial$ | n/a | no | normal.vacuum. | boundary. | n/a | FIT_TD
1 | 4 | </cst/Boundaries/> Low^Z | $NFSMaterial$ | n/a | no | normal.vacuum. | boundary. | n/a | FIT_TD
1 | 5 | </cst/Boundaries/> Up^X | $NFSMaterial$ | n/a | no | normal.vacuum. | boundary. | n/a | FIT_TD
1 | 6 | </cst/Boundaries/> Up^Y | $NFSMaterial$ | n/a | no | normal.vacuum. | boundary. | n/a | FIT_TD
1 | 7 | </cst/Boundaries/> Up^Z | $NFSMaterial$ | n/a | no | normal.vacuum. | boundary. | n/a | FIT_TD
2 | 1 | component1:solid1 | PEC | n/a | yes | pec. | solid. | n/a | FIT_TD
=========================================
************************************************************************************************
General settings
	PBA version: default, 2.20240218, potentials: not required
	Model compatibility: 2025.20241216
	Software version: 2025.2 Release from 2024-12-16 (change 1361105)
	TST specials: -
------------------------------------------------------------------------------------------------
Geometry processor: default
	Geo accuracy: 46.000000
	Watertightness check: true
	Self intersection check: false
	Inheritance (all): false
	Normal dominance (all): false
	Normal dominance (ports): false
	Flanges hollow: true
	One shape per flange: false
	Multi threading: true
		max # of threads used: 16
		requested max # of threads: 16
		representation: indexed
		method: multi thread
		retry: no
------------------------------------------------------------------------------------------------
CAD processing settings are set to default
------------------------------------------------------------------------------------------------
Connectivity settings
	Workflow selection: 0
	Workflow version: 20190101
	Gap detection: true
	Gap detection version: 2
	TST version: default, 2.20240218, potentials: not required
	QQ workflow: true
	CoCo workflow: true
	Legacy topology: false
	Connectivity check: true
------------------------------------------------------------------------------------------------
------------------------------------------------------------------------------------------------
CAD Processing Version Info
	ACIS version installed:	34.0.1
	ACIS version used:	34.0.1
------------------------------------------------------------------------------------------------
Success method:	multi-thread-22
************************************************************************************************

-------------------------------------------------------------------------------
TST aware field source monitor processing forced by environment variable: false
No TST aware field source monitors to be processed
-------------------------------------------------------------------------------

=======================
Finished CAD processing
=======================

<<<<<<<<<<<<<<<<<<<<<<<<<<<<<<<<<<<<<<<<<<<<
Sat Sat Jul 19 22:01:30 2025
Resource usage for processing CAD model:
	Runtime                 00:00:00.00701 s
	Peak Memory Usage:               19 MB
<<<<<<<<<<<<<<<<<<<<<<<<<<<<<<<<<<<<<<<<<<<<

=============================================================================================================
Access to CPU cores has been restricted for this process, reduce number of parallel matrixcalcs from 8 to 16.
=============================================================================================================

=============================================================================================================
Access to CPU cores has been restricted for this process, reduce number of parallel matrixcalcs from 8 to 16.
=============================================================================================================

=============================================================================================================
Access to CPU cores has been restricted for this process, reduce number of parallel matrixcalcs from 8 to 16.
=============================================================================================================

------------------------------------------------------------
Parallelization Info
------------------------------------------------------------
Hyperthreading active: true
Hyperthreading used: false
Number of concurrent threads: 4
Number of concurrent threads using GPU: 0
Number of node domains: 4
Domains-to-threads scaling: 2
Average FI domain size: 2e+04
Nice mode: true
Delayed matrix calculation start: false
Load balancing: Version 20090403
Number of mesh fill domains: 8
Memory downscale: 1
Shared memory representation: read/write
CPU load: 25.00%
Emptiness: 0.00%
Hex mesh complexity: 0.12783
Geometric complexity: 0.00776
lower size limit of domain (1D): 60
------------------------------------------------------------
Node order
3, 1, 2, 0
------------------------------------------------------------

-------------------------------------------------------------------
Matrix calculation job submit section 0
Currently running jobs: 0
Waiting jobs: 4
Concurrency for section: 4/4
Memory physically installed: 51.2333 GB
Memory currently available: 26.248 GB
Memory already used: 24.9853 GB
Memory reserved: 0 GB - Scale: 0.6
Matrix calculation @ 1xN-Node 0003
	Mesh coverage: 3480000.00 %
	Estimated peak memory usage per node: 86 MB , tightness: 0.33 %
	GPU acceleration: off
	Processor group: 0
Matrix calculation @ 1xN-Node 0001
	Mesh coverage: 4518200.00 %
	Estimated peak memory usage per node: 86 MB , tightness: 0.33 %
	GPU acceleration: off
	Processor group: 0
Matrix calculation @ 1xN-Node 0002
	Mesh coverage: 3364000.00 %
	Estimated peak memory usage per node: 85 MB , tightness: 0.32 %
	GPU acceleration: off
	Processor group: 0
Matrix calculation @ 1xN-Node 0000
	Mesh coverage: 1983600.00 %
	Estimated peak memory usage per node: 82 MB , tightness: 0.31 %
	GPU acceleration: off
	Processor group: 0
Node distribution on 1 processor group: 4
-------------------------------------------------------------------

------------------------------------
Mesh: # of points excl. TSTs: 135759
      # of points incl. TSTs: 143567
------------------------------------

===========================================
Data rearrangement statistics:
Disk IO directories:	00:00:00.0007
Disk IO node domain files:	00:00:00.0231
Disk IO FI domain files:	00:00:00.0000
Disk IO meta information:	00:00:00.0027
Sequential merge (TST):	00:00:00.0000
===========================================

1xN000:  ========================================================================
         [Boundaries] - MCalc
         open-add-space, open-add-space, open-add-space, mpi, open-add-space, mpi
         ========================================================================

1xN000:  ========================================
         [Mesh] Matrix calculation - NO ACIS mode
         [Mesh] 1xN MPI or parallelization mode
         ========================================

1xN000:  =============================
         [Mesh] Expansion: 0 0 0 2 0 2
         =============================

1xN000:  ==================================================
         [Mesh] world: o(0000,0000,0000) e(0059,0059,0039)
         [Mesh] l-1xN: o(0000,0000,0000) e(0059,0019,0020)
         [Mesh] e-1xN: o(0000,0000,0000) e(0059,0021,0022)
         [Mesh] g-MPI: not available
         [Mesh] bound offset: (0 | 0 | 0)
         ==================================================

1xN000:  ==================================================================================================
          - hardware info
            + cpu name                    : Intel(R) Core(TM) i7-14650HX
            + sockets                     : 1
            + cores per socket            : 8
            + hyperthreading              : on
            + ht-units                    : 2
            + efficiency cores            : 8, not used
            + max cpuid level             : 32
            + max cpuid ext. level        : 8
            + numa nodes                  : 1
            + Numa Memory Info
              numa node     installed     available    (MByte)
                0                 0         25032
            + internal cpu info           : CPUID: selected engine is 'Leaf 0xB detection'
         performance cores:
         apic ids           : 0, 1, 8, 9, 16, 17, 24, 25, 32, 33, 40, 41, 48, 49, 56, 57
         apic ids (fallback): 0, 1, 8, 9, 16, 17, 24, 25, 32, 33, 40, 41, 48, 49, 56, 57
         from cpu registers: 0, 1, 8, 9, 16, 17, 24, 25, 32, 33, 40, 41, 48, 49, 56, 57
         fallback: 0, 1, 8, 9, 16, 17, 24, 25, 32, 33, 40, 41, 48, 49, 56, 57
         combined: 0, 1, 8, 9, 16, 17, 24, 25, 32, 33, 40, 41, 48, 49, 56, 57
         core 0 type: Intel Core
         core 1 type: Intel Core
         core 2 type: Intel Core
         core 3 type: Intel Core
         core 4 type: Intel Core
         core 5 type: Intel Core
         core 6 type: Intel Core
         core 7 type: Intel Core
         core 8 type: Intel Core
         core 9 type: Intel Core
         core 10 type: Intel Core
         core 11 type: Intel Core
         core 12 type: Intel Core
         core 13 type: Intel Core
         core 14 type: Intel Core
         core 15 type: Intel Core
         max id per cpu: 128
         SMT mask: 1
         Core mask: 7e
         Package mask: ffffff80
         set results:
           - packages: 1
           - cores: 8
           - smts: 2
         generate core map, new implementation
         0, 1, 2, 3, 4, 5, 6, 7, 8, 9, 10, 11, 12, 13, 14, 15
         packages: 1
         cores   : 8
         ht units: 2
         efficiency cores:
         apic ids           : 64, 66, 68, 70, 72, 74, 76, 78
         apic ids (fallback): 64, 66, 68, 70, 72, 74, 76, 78
         from cpu registers: 64, 66, 68, 70, 72, 74, 76, 78
         fallback: 64, 66, 68, 70, 72, 74, 76, 78
         combined: 64, 66, 68, 70, 72, 74, 76, 78
         core 0 type: Intel Atom
         core 1 type: Intel Atom
         core 2 type: Intel Atom
         core 3 type: Intel Atom
         core 4 type: Intel Atom
         core 5 type: Intel Atom
         core 6 type: Intel Atom
         core 7 type: Intel Atom
         max id per cpu: 128
         SMT mask: 1
         Core mask: 7e
         Package mask: ffffff80
         set results:
           - packages: 1
           - cores: 8
           - smts: 1
         generate core map, new implementation
         0, 1, 2, 3, 4, 5, 6, 7
         packages: 1
         cores   : 8
         ht units: 1
          - pinning rule in use   : PINNING_RULE_MCALC_SKIP_ALL
          - desired group         : 0
          - num cores available   : 24
          - efficiency cores      : 8, not used
          - active core list from affinity:
            + num accessible procs          : 24
            + num logical procs             : 24
            + current affinity (env)        : 0,1,2,3,4,5,6,7,8,9,10,11,12,13,14,15,16,17,18,19,20,21,22,23
            + sockets ids in                : 0
            + core list                  (1): 0,1,2,3,4,5,6,7,8,9,10,11,12,13,14,15,16,17,18,19,20,21,22,23
          - active cores          : 0,1,2,3,4,5,6,7,8,9,10,11,12,13,14,15,16,17,18,19,20,21,22,23
          - hyperthreading        : on
          - skip pinning: + allowed number of sockets = available number of sockets
                          + hyperthreading allowed by solver
         ==================================================================================================

1xN000:  ===================================================================================================
         Version: 2025.2 Release from 2024-12-16 (change 1361105) [Release]
         Workflow: PBA matrix coefficients
         Operation: [fpba, meshfill, bg, port-path, tst, tst-nextgen, coeff, surface-imp, connectivity-tree]
         Architecture: Windows, ID: AMD64
         System Windows-64bit
         Using processor group 0/1
         Matrix calculation information:
         # of Nodes: 4
         Concurrency: 4
         Start ID: 3
         Node ID: 0
         HEX Mesh information:
         Hex mesh: node: [hxr o(0 | 0 | 0) s(59 | 19 | 20) np (no TSTs): 22420]
         Hex mesh: extended: [hxr o(0 | 0 | 0) s(59 | 21 | 22) np (no TSTs): 27258]
         ===================================================================================================

1xN000:  -----------------------------------------------------
         Memory status on node "1xN000" for matrix calculation
         	Estimated memory consumption: 0.0820776 GB
         	Physical memory installed: 51.2333 GB
         	Available physical memory: 26.2429 GB
         	Available relative memory: 51.2224 %
         -----------------------------------------------------

1xN000:  >>>>>>>>>>>>>>>>>>>>>>>>>>>>>>>>>>>>>>>>>>>>>>>>>
         Sat Sat Jul 19 22:01:30 2025
         started: calculating matrix coefficients per node
         >>>>>>>>>>>>>>>>>>>>>>>>>>>>>>>>>>>>>>>>>>>>>>>>>

1xN000:  ============================================================
         Matrix computation (PBA)
         	[Perfect Boundary Approximation (PBA), version: default]
         	[GPU acceleration: off (by user)]
         Version: 2025.2 Release from 2024-12-16 (change 1361105)
         PBA version: default, 2.20240218
         Model compatibility: 2025.20241216
         Sub-Workflow: FARM-1xN-TST2-Node
         Workflow updated: -
         Sat Sat Jul 19 22:01:30 2025
         ============================================================

1xN000:  ----------------------------------------------
         Used point accuracy enhancement value: 46.00%.
         ----------------------------------------------

1xN000:  -------------------------------------------------
         Geometry representation: shared-attached
         Shared memory: read-only
         FARM allocation scheme: PA
         Parallelization: on, used

1xN000:  Gap-Detection activated for FARM-topology. Gaps are resolved, even partially.: gap tolerance value is 0.001000 and mesh geometry scale is 0.001000
1xN000:
1xN000:



1xN000:  ----------------------
         Acceleration mode: CPU
         ----------------------

1xN000:  Port homogenization method: M2H point index deviation
1xN000:  cccccccccccccccccccccccccccccccccccccccccccccccccccccccccccccccccccc
         FARM/Meshfill cache is set to 8 (local FI domains: 4, dynamic: true)
         cccccccccccccccccccccccccccccccccccccccccccccccccccccccccccccccccccc

1xN000:  =============================================================
         Hex cell analyzer settings:
         	max number of E fields per mesh edge: 2
         	max number of H fields per mesh face: 4
         	supporting dual grid: false
         	performance improvement: ROI limit: true
         	performance improvement: ROI threshold: 2
         	performance improvement: single topology extraction: true
         	performance improvement: pre-categorize cell volume: true
         	periodic align: 0
         	periodic cells: true
         	homogenization version: pid
         =============================================================

1xN000:  ===============
         TST specials: -
         ===============

1xN000:  ===============================================================================================================================================
         TST cell analysis in range (0 | 0 | 0) -> (59 | 21 | 22) [total range (0 | 0 | 0) -> (59 | 59 | 39)]  [mpi range (0 | 0 | 0) -> (59 | 59 | 39)]
         ===============================================================================================================================================

1xN000:  ----------------------
         TST Statistics:
         E Split (0 | 4 | 0)
         E Adapt (14 | 16 | 20)
         B Split (18 | 4 | 12)
         B Adapt (0 | 0 | 0)
         ----------------------

1xN000:  -------------------------------------------------------------
         TST Version 2.20240218, tst tiny faces fix: on, TST1 BWC: off
         -------------------------------------------------------------

1xN000:  ------------------------------------------------------------------------------
         PBA fill limit is applied in inverse mode.
         PBA fill limit is applied on faces filled with at least 98.81% metal material.
         --------------------------------------------------------------
         detailed accuracy settings:
         --------------------------------------------------------------
         augmented fill limit:       true
         augmented fill limit value: 98.81
         automatic fill limit:       true
         early fill limit:           true
         inverse fill limit:         true
         model complexity:           0.00
         legacy 2015:                false
         fixed point accuracy:       false
         minimum point accuracy:     0
         mesh step inheritance:      false
         accuracy mode:
         ------------------------------------------------------------------------------

1xN000:  -------------------------------------------------------------------------------
         TST aware field source monitor processing forced by environment variable: false
         No TST aware field source monitors to be processed
         -------------------------------------------------------------------------------

1xN000:  =================================
         Finished matrix computation (PBA)
         =================================

1xN000:  <<<<<<<<<<<<<<<<<<<<<<<<<<<<<<<<<<<<<<<<<<<<<<<<<<<<<<<<<<<<
         Sat Sat Jul 19 22:01:31 2025
         Resource usage for calculating matrix coefficients per node:
         	Runtime                          00:00:00.00728 s
         	Peak Memory Estimation:                   82 MB
         	Peak Memory Usage:                        26 MB
         <<<<<<<<<<<<<<<<<<<<<<<<<<<<<<<<<<<<<<<<<<<<<<<<<<<<<<<<<<<<



1xN001:  ========================================================================
         [Boundaries] - MCalc
         open-add-space, open-add-space, mpi, open-add-space, open-add-space, mpi
         ========================================================================

1xN001:  ========================================
         [Mesh] Matrix calculation - NO ACIS mode
         [Mesh] 1xN MPI or parallelization mode
         ========================================

1xN001:  ==============================
         [Mesh] Expansion: 0 0 -2 0 0 2
         ==============================

1xN001:  ==================================================
         [Mesh] world: o(0000,0000,0000) e(0059,0059,0039)
         [Mesh] l-1xN: o(0000,0017,0000) e(0059,0059,0020)
         [Mesh] e-1xN: o(0000,0015,0000) e(0059,0059,0022)
         [Mesh] g-MPI: not available
         [Mesh] bound offset: (0 | 0 | -2)
         ==================================================

1xN001:  ==================================================================================================
          - hardware info
            + cpu name                    : Intel(R) Core(TM) i7-14650HX
            + sockets                     : 1
            + cores per socket            : 8
            + hyperthreading              : on
            + ht-units                    : 2
            + efficiency cores            : 8, not used
            + max cpuid level             : 32
            + max cpuid ext. level        : 8
            + numa nodes                  : 1
            + Numa Memory Info
              numa node     installed     available    (MByte)
                0                 0         25032
            + internal cpu info           : CPUID: selected engine is 'Leaf 0xB detection'
         performance cores:
         apic ids           : 0, 1, 8, 9, 16, 17, 24, 25, 32, 33, 40, 41, 48, 49, 56, 57
         apic ids (fallback): 0, 1, 8, 9, 16, 17, 24, 25, 32, 33, 40, 41, 48, 49, 56, 57
         from cpu registers: 0, 1, 8, 9, 16, 17, 24, 25, 32, 33, 40, 41, 48, 49, 56, 57
         fallback: 0, 1, 8, 9, 16, 17, 24, 25, 32, 33, 40, 41, 48, 49, 56, 57
         combined: 0, 1, 8, 9, 16, 17, 24, 25, 32, 33, 40, 41, 48, 49, 56, 57
         core 0 type: Intel Core
         core 1 type: Intel Core
         core 2 type: Intel Core
         core 3 type: Intel Core
         core 4 type: Intel Core
         core 5 type: Intel Core
         core 6 type: Intel Core
         core 7 type: Intel Core
         core 8 type: Intel Core
         core 9 type: Intel Core
         core 10 type: Intel Core
         core 11 type: Intel Core
         core 12 type: Intel Core
         core 13 type: Intel Core
         core 14 type: Intel Core
         core 15 type: Intel Core
         max id per cpu: 128
         SMT mask: 1
         Core mask: 7e
         Package mask: ffffff80
         set results:
           - packages: 1
           - cores: 8
           - smts: 2
         generate core map, new implementation
         0, 1, 2, 3, 4, 5, 6, 7, 8, 9, 10, 11, 12, 13, 14, 15
         packages: 1
         cores   : 8
         ht units: 2
         efficiency cores:
         apic ids           : 64, 66, 68, 70, 72, 74, 76, 78
         apic ids (fallback): 64, 66, 68, 70, 72, 74, 76, 78
         from cpu registers: 64, 66, 68, 70, 72, 74, 76, 78
         fallback: 64, 66, 68, 70, 72, 74, 76, 78
         combined: 64, 66, 68, 70, 72, 74, 76, 78
         core 0 type: Intel Atom
         core 1 type: Intel Atom
         core 2 type: Intel Atom
         core 3 type: Intel Atom
         core 4 type: Intel Atom
         core 5 type: Intel Atom
         core 6 type: Intel Atom
         core 7 type: Intel Atom
         max id per cpu: 128
         SMT mask: 1
         Core mask: 7e
         Package mask: ffffff80
         set results:
           - packages: 1
           - cores: 8
           - smts: 1
         generate core map, new implementation
         0, 1, 2, 3, 4, 5, 6, 7
         packages: 1
         cores   : 8
         ht units: 1
          - pinning rule in use   : PINNING_RULE_MCALC_SKIP_ALL
          - desired group         : 0
          - num cores available   : 24
          - efficiency cores      : 8, not used
          - active core list from affinity:
            + num accessible procs          : 24
            + num logical procs             : 24
            + current affinity (env)        : 0,1,2,3,4,5,6,7,8,9,10,11,12,13,14,15,16,17,18,19,20,21,22,23
            + sockets ids in                : 0
            + core list                  (1): 0,1,2,3,4,5,6,7,8,9,10,11,12,13,14,15,16,17,18,19,20,21,22,23
          - active cores          : 0,1,2,3,4,5,6,7,8,9,10,11,12,13,14,15,16,17,18,19,20,21,22,23
          - hyperthreading        : on
          - skip pinning: + allowed number of sockets = available number of sockets
                          + hyperthreading allowed by solver
         ==================================================================================================

1xN001:  ===================================================================================================
         Version: 2025.2 Release from 2024-12-16 (change 1361105) [Release]
         Workflow: PBA matrix coefficients
         Operation: [fpba, meshfill, bg, port-path, tst, tst-nextgen, coeff, surface-imp, connectivity-tree]
         Architecture: Windows, ID: AMD64
         System Windows-64bit
         Using processor group 0/1
         Matrix calculation information:
         # of Nodes: 4
         Concurrency: 4
         Start ID: 1
         Node ID: 1
         HEX Mesh information:
         Hex mesh: node: [hxr o(0 | 17 | 0) s(59 | 42 | 20) np (no TSTs): 49560]
         Hex mesh: extended: [hxr o(0 | 15 | 0) s(59 | 44 | 22) np (no TSTs): 57112]
         ===================================================================================================

1xN001:  -----------------------------------------------------
         Memory status on node "1xN001" for matrix calculation
         	Estimated memory consumption: 0.0857617 GB
         	Physical memory installed: 51.2333 GB
         	Available physical memory: 26.2435 GB
         	Available relative memory: 51.2236 %
         -----------------------------------------------------

1xN001:  >>>>>>>>>>>>>>>>>>>>>>>>>>>>>>>>>>>>>>>>>>>>>>>>>
         Sat Sat Jul 19 22:01:30 2025
         started: calculating matrix coefficients per node
         >>>>>>>>>>>>>>>>>>>>>>>>>>>>>>>>>>>>>>>>>>>>>>>>>

1xN001:  ============================================================
         Matrix computation (PBA)
         	[Perfect Boundary Approximation (PBA), version: default]
         	[GPU acceleration: off (by user)]
         Version: 2025.2 Release from 2024-12-16 (change 1361105)
         PBA version: default, 2.20240218
         Model compatibility: 2025.20241216
         Sub-Workflow: FARM-1xN-TST2-Node
         Workflow updated: -
         Sat Sat Jul 19 22:01:30 2025
         ============================================================

1xN001:  ----------------------------------------------
         Used point accuracy enhancement value: 46.00%.
         ----------------------------------------------

1xN001:  -------------------------------------------------
         Geometry representation: shared-attached
         Shared memory: read-only
         FARM allocation scheme: PA
         Parallelization: on, used

1xN001:  Gap-Detection activated for FARM-topology. Gaps are resolved, even partially.: gap tolerance value is 0.001000 and mesh geometry scale is 0.001000
1xN001:
1xN001:



1xN001:  ----------------------
         Acceleration mode: CPU
         ----------------------

1xN001:  Port homogenization method: M2H point index deviation
1xN001:  cccccccccccccccccccccccccccccccccccccccccccccccccccccccccccccccccccc
         FARM/Meshfill cache is set to 8 (local FI domains: 8, dynamic: true)
         cccccccccccccccccccccccccccccccccccccccccccccccccccccccccccccccccccc

1xN001:  =============================================================
         Hex cell analyzer settings:
         	max number of E fields per mesh edge: 2
         	max number of H fields per mesh face: 4
         	supporting dual grid: false
         	performance improvement: ROI limit: true
         	performance improvement: ROI threshold: 2
         	performance improvement: single topology extraction: true
         	performance improvement: pre-categorize cell volume: true
         	periodic align: 0
         	periodic cells: true
         	homogenization version: pid
         =============================================================

1xN001:  ===============
         TST specials: -
         ===============

1xN001:  ================================================================================================================================================
         TST cell analysis in range (0 | 15 | 0) -> (59 | 59 | 22) [total range (0 | 0 | 0) -> (59 | 59 | 39)]  [mpi range (0 | 0 | 0) -> (59 | 59 | 39)]
         ================================================================================================================================================

1xN001:  -------------------------
         TST Statistics:
         E Split (112 | 112 | 0)
         E Adapt (820 | 820 | 356)
         B Split (204 | 204 | 912)
         B Adapt (4 | 4 | 0)
         -------------------------

1xN001:  -------------------------------------------------------------
         TST Version 2.20240218, tst tiny faces fix: on, TST1 BWC: off
         -------------------------------------------------------------

1xN001:  ------------------------------------------------------------------------------
         PBA fill limit is applied in inverse mode.
         PBA fill limit is applied on faces filled with at least 98.81% metal material.
         --------------------------------------------------------------
         detailed accuracy settings:
         --------------------------------------------------------------
         augmented fill limit:       true
         augmented fill limit value: 98.81
         automatic fill limit:       true
         early fill limit:           true
         inverse fill limit:         true
         model complexity:           0.00
         legacy 2015:                false
         fixed point accuracy:       false
         minimum point accuracy:     0
         mesh step inheritance:      false
         accuracy mode:
         ------------------------------------------------------------------------------

1xN001:  --------------------------------------
         Glued 0 metal grid points in port area
         --------------------------------------

1xN001:  -------------------------------------------------------------------------------
         TST aware field source monitor processing forced by environment variable: false
         No TST aware field source monitors to be processed
         -------------------------------------------------------------------------------

1xN001:  =================================
         Finished matrix computation (PBA)
         =================================

1xN001:  <<<<<<<<<<<<<<<<<<<<<<<<<<<<<<<<<<<<<<<<<<<<<<<<<<<<<<<<<<<<
         Sat Sat Jul 19 22:01:34 2025
         Resource usage for calculating matrix coefficients per node:
         	Runtime                          00:00:03.00487 s
         	Peak Memory Estimation:                   86 MB
         	Peak Memory Usage:                        86 MB
         <<<<<<<<<<<<<<<<<<<<<<<<<<<<<<<<<<<<<<<<<<<<<<<<<<<<<<<<<<<<



1xN002:  ========================================================================
         [Boundaries] - MCalc
         open-add-space, open-add-space, open-add-space, mpi, mpi, open-add-space
         ========================================================================

1xN002:  ========================================
         [Mesh] Matrix calculation - NO ACIS mode
         [Mesh] 1xN MPI or parallelization mode
         ========================================

1xN002:  ==============================
         [Mesh] Expansion: 0 0 0 2 -2 0
         ==============================

1xN002:  ==================================================
         [Mesh] world: o(0000,0000,0000) e(0059,0059,0039)
         [Mesh] l-1xN: o(0000,0000,0018) e(0059,0030,0039)
         [Mesh] e-1xN: o(0000,0000,0016) e(0059,0032,0039)
         [Mesh] g-MPI: not available
         [Mesh] bound offset: (0 | 0 | 0)
         ==================================================

1xN002:  ==================================================================================================
          - hardware info
            + cpu name                    : Intel(R) Core(TM) i7-14650HX
            + sockets                     : 1
            + cores per socket            : 8
            + hyperthreading              : on
            + ht-units                    : 2
            + efficiency cores            : 8, not used
            + max cpuid level             : 32
            + max cpuid ext. level        : 8
            + numa nodes                  : 1
            + Numa Memory Info
              numa node     installed     available    (MByte)
                0                 0         25032
            + internal cpu info           : CPUID: selected engine is 'Leaf 0xB detection'
         performance cores:
         apic ids           : 0, 1, 8, 9, 16, 17, 24, 25, 32, 33, 40, 41, 48, 49, 56, 57
         apic ids (fallback): 0, 1, 8, 9, 16, 17, 24, 25, 32, 33, 40, 41, 48, 49, 56, 57
         from cpu registers: 0, 1, 8, 9, 16, 17, 24, 25, 32, 33, 40, 41, 48, 49, 56, 57
         fallback: 0, 1, 8, 9, 16, 17, 24, 25, 32, 33, 40, 41, 48, 49, 56, 57
         combined: 0, 1, 8, 9, 16, 17, 24, 25, 32, 33, 40, 41, 48, 49, 56, 57
         core 0 type: Intel Core
         core 1 type: Intel Core
         core 2 type: Intel Core
         core 3 type: Intel Core
         core 4 type: Intel Core
         core 5 type: Intel Core
         core 6 type: Intel Core
         core 7 type: Intel Core
         core 8 type: Intel Core
         core 9 type: Intel Core
         core 10 type: Intel Core
         core 11 type: Intel Core
         core 12 type: Intel Core
         core 13 type: Intel Core
         core 14 type: Intel Core
         core 15 type: Intel Core
         max id per cpu: 128
         SMT mask: 1
         Core mask: 7e
         Package mask: ffffff80
         set results:
           - packages: 1
           - cores: 8
           - smts: 2
         generate core map, new implementation
         0, 1, 2, 3, 4, 5, 6, 7, 8, 9, 10, 11, 12, 13, 14, 15
         packages: 1
         cores   : 8
         ht units: 2
         efficiency cores:
         apic ids           : 64, 66, 68, 70, 72, 74, 76, 78
         apic ids (fallback): 64, 66, 68, 70, 72, 74, 76, 78
         from cpu registers: 64, 66, 68, 70, 72, 74, 76, 78
         fallback: 64, 66, 68, 70, 72, 74, 76, 78
         combined: 64, 66, 68, 70, 72, 74, 76, 78
         core 0 type: Intel Atom
         core 1 type: Intel Atom
         core 2 type: Intel Atom
         core 3 type: Intel Atom
         core 4 type: Intel Atom
         core 5 type: Intel Atom
         core 6 type: Intel Atom
         core 7 type: Intel Atom
         max id per cpu: 128
         SMT mask: 1
         Core mask: 7e
         Package mask: ffffff80
         set results:
           - packages: 1
           - cores: 8
           - smts: 1
         generate core map, new implementation
         0, 1, 2, 3, 4, 5, 6, 7
         packages: 1
         cores   : 8
         ht units: 1
          - pinning rule in use   : PINNING_RULE_MCALC_SKIP_ALL
          - desired group         : 0
          - num cores available   : 24
          - efficiency cores      : 8, not used
          - active core list from affinity:
            + num accessible procs          : 24
            + num logical procs             : 24
            + current affinity (env)        : 0,1,2,3,4,5,6,7,8,9,10,11,12,13,14,15,16,17,18,19,20,21,22,23
            + sockets ids in                : 0
            + core list                  (1): 0,1,2,3,4,5,6,7,8,9,10,11,12,13,14,15,16,17,18,19,20,21,22,23
          - active cores          : 0,1,2,3,4,5,6,7,8,9,10,11,12,13,14,15,16,17,18,19,20,21,22,23
          - hyperthreading        : on
          - skip pinning: + allowed number of sockets = available number of sockets
                          + hyperthreading allowed by solver
         ==================================================================================================

1xN002:  ===================================================================================================
         Version: 2025.2 Release from 2024-12-16 (change 1361105) [Release]
         Workflow: PBA matrix coefficients
         Operation: [fpba, meshfill, bg, port-path, tst, tst-nextgen, coeff, surface-imp, connectivity-tree]
         Architecture: Windows, ID: AMD64
         System Windows-64bit
         Using processor group 0/1
         Matrix calculation information:
         # of Nodes: 4
         Concurrency: 4
         Start ID: 2
         Node ID: 2
         HEX Mesh information:
         Hex mesh: node: [hxr o(0 | 0 | 18) s(59 | 30 | 21) np (no TSTs): 37170]
         Hex mesh: extended: [hxr o(0 | 0 | 16) s(59 | 32 | 23) np (no TSTs): 43424]
         ===================================================================================================

1xN002:  -----------------------------------------------------
         Memory status on node "1xN002" for matrix calculation
         	Estimated memory consumption: 0.0851252 GB
         	Physical memory installed: 51.2333 GB
         	Available physical memory: 26.2429 GB
         	Available relative memory: 51.2224 %
         -----------------------------------------------------

1xN002:  >>>>>>>>>>>>>>>>>>>>>>>>>>>>>>>>>>>>>>>>>>>>>>>>>
         Sat Sat Jul 19 22:01:30 2025
         started: calculating matrix coefficients per node
         >>>>>>>>>>>>>>>>>>>>>>>>>>>>>>>>>>>>>>>>>>>>>>>>>

1xN002:  ============================================================
         Matrix computation (PBA)
         	[Perfect Boundary Approximation (PBA), version: default]
         	[GPU acceleration: off (by user)]
         Version: 2025.2 Release from 2024-12-16 (change 1361105)
         PBA version: default, 2.20240218
         Model compatibility: 2025.20241216
         Sub-Workflow: FARM-1xN-TST2-Node
         Workflow updated: -
         Sat Sat Jul 19 22:01:30 2025
         ============================================================

1xN002:  ----------------------------------------------
         Used point accuracy enhancement value: 46.00%.
         ----------------------------------------------

1xN002:  -------------------------------------------------
         Geometry representation: shared-attached
         Shared memory: read-only
         FARM allocation scheme: PA
         Parallelization: on, used

1xN002:  Gap-Detection activated for FARM-topology. Gaps are resolved, even partially.: gap tolerance value is 0.001000 and mesh geometry scale is 0.001000
1xN002:
1xN002:



1xN002:  ----------------------
         Acceleration mode: CPU
         ----------------------

1xN002:  Port homogenization method: M2H point index deviation
1xN002:  cccccccccccccccccccccccccccccccccccccccccccccccccccccccccccccccccccc
         FARM/Meshfill cache is set to 8 (local FI domains: 8, dynamic: true)
         cccccccccccccccccccccccccccccccccccccccccccccccccccccccccccccccccccc

1xN002:  =============================================================
         Hex cell analyzer settings:
         	max number of E fields per mesh edge: 2
         	max number of H fields per mesh face: 4
         	supporting dual grid: false
         	performance improvement: ROI limit: true
         	performance improvement: ROI threshold: 2
         	performance improvement: single topology extraction: true
         	performance improvement: pre-categorize cell volume: true
         	periodic align: 0
         	periodic cells: true
         	homogenization version: pid
         =============================================================

1xN002:  ===============
         TST specials: -
         ===============

1xN002:  ================================================================================================================================================
         TST cell analysis in range (0 | 0 | 16) -> (59 | 32 | 39) [total range (0 | 0 | 0) -> (59 | 59 | 39)]  [mpi range (0 | 0 | 0) -> (59 | 59 | 39)]
         ================================================================================================================================================

1xN002:  ----------------------------
         TST Statistics:
         E Split (136 | 96 | 432)
         E Adapt (1238 | 1173 | 1118)
         B Split (1118 | 1240 | 710)
         B Adapt (3 | 4 | 0)
         ----------------------------

1xN002:  -------------------------------------------------------------
         TST Version 2.20240218, tst tiny faces fix: on, TST1 BWC: off
         -------------------------------------------------------------

1xN002:  ------------------------------------------------------------------------------
         PBA fill limit is applied in inverse mode.
         PBA fill limit is applied on faces filled with at least 98.81% metal material.
         --------------------------------------------------------------
         detailed accuracy settings:
         --------------------------------------------------------------
         augmented fill limit:       true
         augmented fill limit value: 98.81
         automatic fill limit:       true
         early fill limit:           true
         inverse fill limit:         true
         model complexity:           0.00
         legacy 2015:                false
         fixed point accuracy:       false
         minimum point accuracy:     0
         mesh step inheritance:      false
         accuracy mode:
         ------------------------------------------------------------------------------

1xN002:  -------------------------------------------------------------------------------
         TST aware field source monitor processing forced by environment variable: false
         No TST aware field source monitors to be processed
         -------------------------------------------------------------------------------

1xN002:  =================================
         Finished matrix computation (PBA)
         =================================

1xN002:  <<<<<<<<<<<<<<<<<<<<<<<<<<<<<<<<<<<<<<<<<<<<<<<<<<<<<<<<<<<<
         Sat Sat Jul 19 22:01:34 2025
         Resource usage for calculating matrix coefficients per node:
         	Runtime                          00:00:03.00778 s
         	Peak Memory Estimation:                   85 MB
         	Peak Memory Usage:                        72 MB
         <<<<<<<<<<<<<<<<<<<<<<<<<<<<<<<<<<<<<<<<<<<<<<<<<<<<<<<<<<<<



1xN003:  ========================================================================
         [Boundaries] - MCalc
         open-add-space, open-add-space, mpi, open-add-space, mpi, open-add-space
         ========================================================================

1xN003:  ========================================
         [Mesh] Matrix calculation - NO ACIS mode
         [Mesh] 1xN MPI or parallelization mode
         ========================================

1xN003:  ===============================
         [Mesh] Expansion: 0 0 -2 0 -2 0
         ===============================

1xN003:  ==================================================
         [Mesh] world: o(0000,0000,0000) e(0059,0059,0039)
         [Mesh] l-1xN: o(0000,0028,0018) e(0059,0059,0039)
         [Mesh] e-1xN: o(0000,0026,0016) e(0059,0059,0039)
         [Mesh] g-MPI: not available
         [Mesh] bound offset: (0 | 0 | -2)
         ==================================================

1xN003:  ==================================================================================================
          - hardware info
            + cpu name                    : Intel(R) Core(TM) i7-14650HX
            + sockets                     : 1
            + cores per socket            : 8
            + hyperthreading              : on
            + ht-units                    : 2
            + efficiency cores            : 8, not used
            + max cpuid level             : 32
            + max cpuid ext. level        : 8
            + numa nodes                  : 1
            + Numa Memory Info
              numa node     installed     available    (MByte)
                0                 0         25032
            + internal cpu info           : CPUID: selected engine is 'Leaf 0xB detection'
         performance cores:
         apic ids           : 0, 1, 8, 9, 16, 17, 24, 25, 32, 33, 40, 41, 48, 49, 56, 57
         apic ids (fallback): 0, 1, 8, 9, 16, 17, 24, 25, 32, 33, 40, 41, 48, 49, 56, 57
         from cpu registers: 0, 1, 8, 9, 16, 17, 24, 25, 32, 33, 40, 41, 48, 49, 56, 57
         fallback: 0, 1, 8, 9, 16, 17, 24, 25, 32, 33, 40, 41, 48, 49, 56, 57
         combined: 0, 1, 8, 9, 16, 17, 24, 25, 32, 33, 40, 41, 48, 49, 56, 57
         core 0 type: Intel Core
         core 1 type: Intel Core
         core 2 type: Intel Core
         core 3 type: Intel Core
         core 4 type: Intel Core
         core 5 type: Intel Core
         core 6 type: Intel Core
         core 7 type: Intel Core
         core 8 type: Intel Core
         core 9 type: Intel Core
         core 10 type: Intel Core
         core 11 type: Intel Core
         core 12 type: Intel Core
         core 13 type: Intel Core
         core 14 type: Intel Core
         core 15 type: Intel Core
         max id per cpu: 128
         SMT mask: 1
         Core mask: 7e
         Package mask: ffffff80
         set results:
           - packages: 1
           - cores: 8
           - smts: 2
         generate core map, new implementation
         0, 1, 2, 3, 4, 5, 6, 7, 8, 9, 10, 11, 12, 13, 14, 15
         packages: 1
         cores   : 8
         ht units: 2
         efficiency cores:
         apic ids           : 64, 66, 68, 70, 72, 74, 76, 78
         apic ids (fallback): 64, 66, 68, 70, 72, 74, 76, 78
         from cpu registers: 64, 66, 68, 70, 72, 74, 76, 78
         fallback: 64, 66, 68, 70, 72, 74, 76, 78
         combined: 64, 66, 68, 70, 72, 74, 76, 78
         core 0 type: Intel Atom
         core 1 type: Intel Atom
         core 2 type: Intel Atom
         core 3 type: Intel Atom
         core 4 type: Intel Atom
         core 5 type: Intel Atom
         core 6 type: Intel Atom
         core 7 type: Intel Atom
         max id per cpu: 128
         SMT mask: 1
         Core mask: 7e
         Package mask: ffffff80
         set results:
           - packages: 1
           - cores: 8
           - smts: 1
         generate core map, new implementation
         0, 1, 2, 3, 4, 5, 6, 7
         packages: 1
         cores   : 8
         ht units: 1
          - pinning rule in use   : PINNING_RULE_MCALC_SKIP_ALL
          - desired group         : 0
          - num cores available   : 24
          - efficiency cores      : 8, not used
          - active core list from affinity:
            + num accessible procs          : 24
            + num logical procs             : 24
            + current affinity (env)        : 0,1,2,3,4,5,6,7,8,9,10,11,12,13,14,15,16,17,18,19,20,21,22,23
            + sockets ids in                : 0
            + core list                  (1): 0,1,2,3,4,5,6,7,8,9,10,11,12,13,14,15,16,17,18,19,20,21,22,23
          - active cores          : 0,1,2,3,4,5,6,7,8,9,10,11,12,13,14,15,16,17,18,19,20,21,22,23
          - hyperthreading        : on
          - skip pinning: + allowed number of sockets = available number of sockets
                          + hyperthreading allowed by solver
         ==================================================================================================

1xN003:  ===================================================================================================
         Version: 2025.2 Release from 2024-12-16 (change 1361105) [Release]
         Workflow: PBA matrix coefficients
         Operation: [fpba, meshfill, bg, port-path, tst, tst-nextgen, coeff, surface-imp, connectivity-tree]
         Architecture: Windows, ID: AMD64
         System Windows-64bit
         Using processor group 0/1
         Matrix calculation information:
         # of Nodes: 4
         Concurrency: 4
         Start ID: 0
         Node ID: 3
         HEX Mesh information:
         Hex mesh: node: [hxr o(0 | 28 | 18) s(59 | 31 | 21) np (no TSTs): 38409]
         Hex mesh: extended: [hxr o(0 | 26 | 16) s(59 | 33 | 23) np (no TSTs): 44781]
         ===================================================================================================

1xN003:  -----------------------------------------------------
         Memory status on node "1xN003" for matrix calculation
         	Estimated memory consumption: 0.085838 GB
         	Physical memory installed: 51.2333 GB
         	Available physical memory: 26.2435 GB
         	Available relative memory: 51.2236 %
         -----------------------------------------------------

1xN003:  >>>>>>>>>>>>>>>>>>>>>>>>>>>>>>>>>>>>>>>>>>>>>>>>>
         Sat Sat Jul 19 22:01:30 2025
         started: calculating matrix coefficients per node
         >>>>>>>>>>>>>>>>>>>>>>>>>>>>>>>>>>>>>>>>>>>>>>>>>

1xN003:  ============================================================
         Matrix computation (PBA)
         	[Perfect Boundary Approximation (PBA), version: default]
         	[GPU acceleration: off (by user)]
         Version: 2025.2 Release from 2024-12-16 (change 1361105)
         PBA version: default, 2.20240218
         Model compatibility: 2025.20241216
         Sub-Workflow: FARM-1xN-TST2-Node
         Workflow updated: -
         Sat Sat Jul 19 22:01:30 2025
         ============================================================

1xN003:  ----------------------------------------------
         Used point accuracy enhancement value: 46.00%.
         ----------------------------------------------

1xN003:  -------------------------------------------------
         Geometry representation: shared-attached
         Shared memory: read-only
         FARM allocation scheme: PA
         Parallelization: on, used

1xN003:  Gap-Detection activated for FARM-topology. Gaps are resolved, even partially.: gap tolerance value is 0.001000 and mesh geometry scale is 0.001000
1xN003:
1xN003:



1xN003:  ----------------------
         Acceleration mode: CPU
         ----------------------

1xN003:  Port homogenization method: M2H point index deviation
1xN003:  cccccccccccccccccccccccccccccccccccccccccccccccccccccccccccccccccccc
         FARM/Meshfill cache is set to 8 (local FI domains: 8, dynamic: true)
         cccccccccccccccccccccccccccccccccccccccccccccccccccccccccccccccccccc

1xN003:  =============================================================
         Hex cell analyzer settings:
         	max number of E fields per mesh edge: 2
         	max number of H fields per mesh face: 4
         	supporting dual grid: false
         	performance improvement: ROI limit: true
         	performance improvement: ROI threshold: 2
         	performance improvement: single topology extraction: true
         	performance improvement: pre-categorize cell volume: true
         	periodic align: 0
         	periodic cells: true
         	homogenization version: pid
         =============================================================

1xN003:  ===============
         TST specials: -
         ===============

1xN003:  =================================================================================================================================================
         TST cell analysis in range (0 | 26 | 16) -> (59 | 59 | 39) [total range (0 | 0 | 0) -> (59 | 59 | 39)]  [mpi range (0 | 0 | 0) -> (59 | 59 | 39)]
         =================================================================================================================================================

1xN003:  ----------------------------
         TST Statistics:
         E Split (164 | 96 | 456)
         E Adapt (1296 | 1217 | 1174)
         B Split (1150 | 1320 | 746)
         B Adapt (3 | 4 | 0)
         ----------------------------

1xN003:  -------------------------------------------------------------
         TST Version 2.20240218, tst tiny faces fix: on, TST1 BWC: off
         -------------------------------------------------------------

1xN003:  ------------------------------------------------------------------------------
         PBA fill limit is applied in inverse mode.
         PBA fill limit is applied on faces filled with at least 98.81% metal material.
         --------------------------------------------------------------
         detailed accuracy settings:
         --------------------------------------------------------------
         augmented fill limit:       true
         augmented fill limit value: 98.81
         automatic fill limit:       true
         early fill limit:           true
         inverse fill limit:         true
         model complexity:           0.00
         legacy 2015:                false
         fixed point accuracy:       false
         minimum point accuracy:     0
         mesh step inheritance:      false
         accuracy mode:
         ------------------------------------------------------------------------------

1xN003:  -------------------------------------------------------------------------------
         TST aware field source monitor processing forced by environment variable: false
         No TST aware field source monitors to be processed
         -------------------------------------------------------------------------------

1xN003:  =================================
         Finished matrix computation (PBA)
         =================================

1xN003:  <<<<<<<<<<<<<<<<<<<<<<<<<<<<<<<<<<<<<<<<<<<<<<<<<<<<<<<<<<<<
         Sat Sat Jul 19 22:01:34 2025
         Resource usage for calculating matrix coefficients per node:
         	Runtime                          00:00:03.00893 s
         	Peak Memory Estimation:                   86 MB
         	Peak Memory Usage:                        75 MB
         <<<<<<<<<<<<<<<<<<<<<<<<<<<<<<<<<<<<<<<<<<<<<<<<<<<<<<<<<<<<



<<<<<<<<<<<<<<<<<<<<<<<<<<<<<<<<<<<<<<<<<<<<<<<<<
Sat Sat Jul 19 22:01:36 2025
Resource usage for parallelization control:
	Runtime                      00:00:08.00153 s
<<<<<<<<<<<<<<<<<<<<<<<<<<<<<<<<<<<<<<<<<<<<<<<<<

------------------------------------------------------------------------------------------------------------------------------
PBAMeshFeedback - InfoMap: 0[ms] - SBCell navigation: Using legacy edges - CornerCorrectionLinesAndWires: 0[ms] - Write: 0[ms]
ConnectivityAXG - Load: 3[ms] - Setup: 0[ms] - Convert: 0[ms] ( Groups: 2 - Shapes: 1 - Threads: 16 ) - Write: 0[ms]
ConnectivityAXG - Load: 3[ms] - Setup: 0[ms] - Convert: 0[ms] ( Groups: 2 - Shapes: 1 - Threads: 16 ) - Write: 0[ms]
------------------------------------------------------------------------------------------------------------------------------

--------------------------------
# of staircase filled cells: 0
# of staircase filled areas: 0
# of staircase filled edges: 0
# of faces above fill limit: 0
# of edges with FPBA topology: 0
--------------------------------

