Port monitor named: Port1_e1[1.42].prt

nx        = 59
ny        = 59
nz        = 39

nu        = 19
nv        = 19
iu        = 21
iv        = 21

idir      = 2
dcut      = 0.000000e+000
icut      = 6
type      = 0
frequency = 1.420000e+009

fcutoff   = 2.044181e+009
alpha     = 3.081681e+001
beta      = 0.000000e+000
accuracy  = 6.297543e-010

type          = TE
wave imp.     = 3.641038e+002
wave imp.sig. = 1.729410e+000
line imp.     = 0.000000e+000

ref. port     = 0

-0.000000e+000  -0.000000e+000  -0.000000e+000  -0.000000e+000  -0.000000e+000  -0.000000e+000  -0.000000e+000  -0.000000e+000  -0.000000e+000  -0.000000e+000  -0.000000e+000  -0.000000e+000  -0.000000e+000  -0.000000e+000  -0.000000e+000  -0.000000e+000  -0.000000e+000  -0.000000e+000  -0.000000e+000  
-0.000000e+000  -0.000000e+000  -0.000000e+000  -0.000000e+000  -0.000000e+000  -0.000000e+000  -0.000000e+000  -0.000000e+000  -0.000000e+000  -0.000000e+000  -0.000000e+000  -0.000000e+000  -0.000000e+000  -0.000000e+000  -0.000000e+000  -0.000000e+000  -0.000000e+000  -0.000000e+000  -0.000000e+000  
-0.000000e+000  -0.000000e+000  -0.000000e+000  -0.000000e+000  -0.000000e+000  4.197908e+001  4.535311e+001  5.043060e+001  5.352101e+001  5.455500e+001  5.339282e+001  5.023020e+001  4.691112e+001  -0.000000e+000  -0.000000e+000  -0.000000e+000  -0.000000e+000  -0.000000e+000  -0.000000e+000  
-0.000000e+000  -0.000000e+000  -0.000000e+000  -0.000000e+000  9.264679e+001  1.037333e+002  1.125796e+002  1.189739e+002  1.226865e+002  1.235962e+002  1.216478e+002  1.169178e+002  1.094914e+002  9.966192e+001  -0.000000e+000  -0.000000e+000  -0.000000e+000  -0.000000e+000  -0.000000e+000  
-0.000000e+000  -0.000000e+000  -0.000000e+000  1.353675e+002  1.520016e+002  1.657025e+002  1.764358e+002  1.840271e+002  1.882792e+002  1.890678e+002  1.863605e+002  1.802315e+002  1.708283e+002  1.583557e+002  1.428307e+002  -0.000000e+000  -0.000000e+000  -0.000000e+000  -0.000000e+000  
-0.000000e+000  -0.000000e+000  1.690707e+002  1.875899e+002  2.058517e+002  2.213232e+002  2.335142e+002  2.420731e+002  2.467501e+002  2.474055e+002  2.440174e+002  2.366861e+002  2.256303e+002  2.111902e+002  1.938310e+002  1.760305e+002  -0.000000e+000  -0.000000e+000  -0.000000e+000  
-0.000000e+000  -0.000000e+000  2.104744e+002  2.312803e+002  2.509186e+002  2.677812e+002  2.810958e+002  2.903911e+002  2.953695e+002  2.958769e+002  2.918981e+002  2.835583e+002  2.711312e+002  2.550702e+002  2.361261e+002  2.158789e+002  -0.000000e+000  -0.000000e+000  -0.000000e+000  
-0.000000e+000  2.142842e+002  2.389725e+002  2.632114e+002  2.846540e+002  3.027318e+002  3.168928e+002  3.266995e+002  3.318535e+002  3.321998e+002  3.277284e+002  3.185755e+002  3.050225e+002  2.874924e+002  2.665228e+002  2.426660e+002  2.182287e+002  -0.000000e+000  -0.000000e+000  
-0.000000e+000  2.328513e+002  2.576437e+002  2.832288e+002  3.057501e+002  3.245789e+002  3.392278e+002  3.492927e+002  3.544877e+002  3.546633e+002  3.498146e+002  3.400816e+002  3.257416e+002  3.071908e+002  2.849094e+002  2.595188e+002  2.348560e+002  -0.000000e+000  -0.000000e+000  
-0.000000e+000  2.376780e+002  2.641958e+002  2.904795e+002  3.133487e+002  3.323574e+002  3.470744e+002  3.571177e+002  3.622110e+002  3.622110e+002  3.571177e+002  3.470745e+002  3.323574e+002  3.133488e+002  2.904796e+002  2.641959e+002  2.376780e+002  -0.000000e+000  -0.000000e+000  
-0.000000e+000  2.348560e+002  2.595187e+002  2.849093e+002  3.071907e+002  3.257415e+002  3.400815e+002  3.498146e+002  3.546633e+002  3.544877e+002  3.492927e+002  3.392278e+002  3.245790e+002  3.057501e+002  2.832288e+002  2.576438e+002  2.328513e+002  -0.000000e+000  -0.000000e+000  
-0.000000e+000  2.182287e+002  2.426659e+002  2.665228e+002  2.874924e+002  3.050224e+002  3.185754e+002  3.277284e+002  3.321998e+002  3.318535e+002  3.266995e+002  3.168929e+002  3.027318e+002  2.846540e+002  2.632114e+002  2.389726e+002  2.142842e+002  -0.000000e+000  -0.000000e+000  
-0.000000e+000  -0.000000e+000  2.158788e+002  2.361260e+002  2.550701e+002  2.711312e+002  2.835583e+002  2.918980e+002  2.958769e+002  2.953695e+002  2.903911e+002  2.810958e+002  2.677812e+002  2.509186e+002  2.312804e+002  2.104744e+002  -0.000000e+000  -0.000000e+000  -0.000000e+000  
-0.000000e+000  -0.000000e+000  1.760304e+002  1.938308e+002  2.111901e+002  2.256303e+002  2.366861e+002  2.440173e+002  2.474055e+002  2.467500e+002  2.420731e+002  2.335142e+002  2.213232e+002  2.058517e+002  1.875899e+002  1.690708e+002  -0.000000e+000  -0.000000e+000  -0.000000e+000  
-0.000000e+000  -0.000000e+000  -0.000000e+000  1.428304e+002  1.583556e+002  1.708283e+002  1.802314e+002  1.863605e+002  1.890678e+002  1.882792e+002  1.840271e+002  1.764358e+002  1.657025e+002  1.520016e+002  1.353675e+002  -0.000000e+000  -0.000000e+000  -0.000000e+000  -0.000000e+000  
-0.000000e+000  -0.000000e+000  -0.000000e+000  -0.000000e+000  9.966199e+001  1.094914e+002  1.169178e+002  1.216478e+002  1.235962e+002  1.226865e+002  1.189739e+002  1.125796e+002  1.037333e+002  9.264679e+001  -0.000000e+000  -0.000000e+000  -0.000000e+000  -0.000000e+000  -0.000000e+000  
-0.000000e+000  -0.000000e+000  -0.000000e+000  -0.000000e+000  -0.000000e+000  4.691115e+001  5.023022e+001  5.339283e+001  5.455500e+001  5.352101e+001  5.043060e+001  4.535310e+001  4.197908e+001  -0.000000e+000  -0.000000e+000  -0.000000e+000  -0.000000e+000  -0.000000e+000  -0.000000e+000  
-0.000000e+000  -0.000000e+000  -0.000000e+000  -0.000000e+000  -0.000000e+000  -0.000000e+000  -0.000000e+000  -0.000000e+000  -0.000000e+000  -0.000000e+000  -0.000000e+000  -0.000000e+000  -0.000000e+000  -0.000000e+000  -0.000000e+000  -0.000000e+000  -0.000000e+000  -0.000000e+000  -0.000000e+000  
-0.000000e+000  -0.000000e+000  -0.000000e+000  -0.000000e+000  -0.000000e+000  -0.000000e+000  -0.000000e+000  -0.000000e+000  -0.000000e+000  -0.000000e+000  -0.000000e+000  -0.000000e+000  -0.000000e+000  -0.000000e+000  -0.000000e+000  -0.000000e+000  -0.000000e+000  -0.000000e+000  -0.000000e+000  

-0.000000e+000  -0.000000e+000  -0.000000e+000  -0.000000e+000  -0.000000e+000  -0.000000e+000  -0.000000e+000  -0.000000e+000  -0.000000e+000  -0.000000e+000  -0.000000e+000  -0.000000e+000  -0.000000e+000  -0.000000e+000  -0.000000e+000  -0.000000e+000  -0.000000e+000  -0.000000e+000  -0.000000e+000  
-0.000000e+000  -0.000000e+000  -0.000000e+000  -0.000000e+000  -0.000000e+000  -0.000000e+000  -0.000000e+000  4.971135e+001  2.098747e+001  -8.199366e+000  -3.712234e+001  -6.463207e+001  -0.000000e+000  -0.000000e+000  -0.000000e+000  -0.000000e+000  -0.000000e+000  -0.000000e+000  -0.000000e+000  
-0.000000e+000  -0.000000e+000  -0.000000e+000  -0.000000e+000  -0.000000e+000  9.492064e+001  7.097680e+001  4.522410e+001  1.825506e+001  -9.114168e+000  -3.609602e+001  -6.183955e+001  -8.568504e+001  -1.068258e+002  -0.000000e+000  -0.000000e+000  -0.000000e+000  -0.000000e+000  -0.000000e+000  
-0.000000e+000  -0.000000e+000  -0.000000e+000  -0.000000e+000  1.033725e+002  8.387728e+001  6.217079e+001  3.885798e+001  1.455804e+001  -1.002089e+001  -3.415753e+001  -5.713262e+001  -7.829525e+001  -9.703542e+001  -1.129697e+002  -0.000000e+000  -0.000000e+000  -0.000000e+000  -0.000000e+000  
-0.000000e+000  -0.000000e+000  -0.000000e+000  9.835816e+001  8.674135e+001  7.018113e+001  5.144351e+001  3.127105e+001  1.030800e+001  -1.080983e+001  -3.145308e+001  -5.100881e+001  -6.889897e+001  -8.456812e+001  -9.744795e+001  -1.049924e+002  -0.000000e+000  -0.000000e+000  -0.000000e+000  
-0.000000e+000  -0.000000e+000  6.994955e+001  7.977776e+001  6.848695e+001  5.471664e+001  3.925879e+001  2.271658e+001  5.633210e+000  -1.146558e+001  -2.806780e+001  -4.368272e+001  -5.785005e+001  -7.013550e+001  -8.009647e+001  -8.713348e+001  -7.301615e+001  -0.000000e+000  -0.000000e+000  
-0.000000e+000  -0.000000e+000  6.903857e+001  5.891753e+001  4.886154e+001  3.786337e+001  2.595123e+001  1.342606e+001  6.571318e-001  -1.197329e+001  -2.409178e+001  -3.534829e+001  -4.543052e+001  -5.408419e+001  -6.116572e+001  -6.683462e+001  -7.233593e+001  -0.000000e+000  -0.000000e+000  
-0.000000e+000  -0.000000e+000  4.114289e+001  3.460503e+001  2.743119e+001  1.979529e+001  1.179767e+001  3.624471e+000  -4.494404e+000  -1.231976e+001  -1.962323e+001  -2.620076e+001  -3.188532e+001  -3.656429e+001  -4.020870e+001  -4.290588e+001  -4.472448e+001  -0.000000e+000  -0.000000e+000  
-0.000000e+000  -0.000000e+000  1.312213e+001  8.937111e+000  4.920668e+000  9.759900e-001  -2.843625e+000  -6.435219e+000  -9.686770e+000  -1.249547e+001  -1.477736e+001  -1.647313e+001  -1.755304e+001  -1.802323e+001  -1.793826e+001  -1.743327e+001  -1.685047e+001  -0.000000e+000  -0.000000e+000  
-0.000000e+000  -0.000000e+000  -1.685047e+001  -1.743327e+001  -1.793827e+001  -1.802324e+001  -1.755306e+001  -1.647315e+001  -1.477737e+001  -1.249548e+001  -9.686771e+000  -6.435216e+000  -2.843619e+000  9.759974e-001  4.920674e+000  8.937115e+000  1.312213e+001  -0.000000e+000  -0.000000e+000  
-0.000000e+000  -0.000000e+000  -4.472447e+001  -4.290588e+001  -4.020871e+001  -3.656432e+001  -3.188535e+001  -2.620079e+001  -1.962325e+001  -1.231978e+001  -4.494416e+000  3.624464e+000  1.179766e+001  1.979529e+001  2.743120e+001  3.460503e+001  4.114290e+001  -0.000000e+000  -0.000000e+000  
-0.000000e+000  -0.000000e+000  -7.233591e+001  -6.683462e+001  -6.116574e+001  -5.408423e+001  -4.543056e+001  -3.534833e+001  -2.409181e+001  -1.197332e+001  6.571087e-001  1.342605e+001  2.595122e+001  3.786336e+001  4.886154e+001  5.891753e+001  6.903858e+001  -0.000000e+000  -0.000000e+000  
-0.000000e+000  -0.000000e+000  -7.301612e+001  -8.713346e+001  -8.009651e+001  -7.013557e+001  -5.785011e+001  -4.368278e+001  -2.806785e+001  -1.146562e+001  5.633178e+000  2.271655e+001  3.925878e+001  5.471663e+001  6.848694e+001  7.977777e+001  6.994956e+001  -0.000000e+000  -0.000000e+000  
-0.000000e+000  -0.000000e+000  -0.000000e+000  -1.049923e+002  -9.744805e+001  -8.456823e+001  -6.889906e+001  -5.100888e+001  -3.145315e+001  -1.080988e+001  1.030796e+001  3.127102e+001  5.144349e+001  7.018112e+001  8.674134e+001  9.835816e+001  -0.000000e+000  -0.000000e+000  -0.000000e+000  
-0.000000e+000  -0.000000e+000  -0.000000e+000  -0.000000e+000  -1.129701e+002  -9.703559e+001  -7.829536e+001  -5.713270e+001  -3.415760e+001  -1.002095e+001  1.455800e+001  3.885795e+001  6.217076e+001  8.387727e+001  1.033725e+002  -0.000000e+000  -0.000000e+000  -0.000000e+000  -0.000000e+000  
-0.000000e+000  -0.000000e+000  -0.000000e+000  -0.000000e+000  -0.000000e+000  -1.068259e+002  -8.568513e+001  -6.183962e+001  -3.609608e+001  -9.114220e+000  1.825502e+001  4.522407e+001  7.097678e+001  9.492063e+001  -0.000000e+000  -0.000000e+000  -0.000000e+000  -0.000000e+000  -0.000000e+000  
-0.000000e+000  -0.000000e+000  -0.000000e+000  -0.000000e+000  -0.000000e+000  -0.000000e+000  -0.000000e+000  -6.463214e+001  -3.712240e+001  -8.199414e+000  2.098743e+001  4.971132e+001  -0.000000e+000  -0.000000e+000  -0.000000e+000  -0.000000e+000  -0.000000e+000  -0.000000e+000  -0.000000e+000  
-0.000000e+000  -0.000000e+000  -0.000000e+000  -0.000000e+000  -0.000000e+000  -0.000000e+000  -0.000000e+000  -0.000000e+000  -0.000000e+000  -0.000000e+000  -0.000000e+000  -0.000000e+000  -0.000000e+000  -0.000000e+000  -0.000000e+000  -0.000000e+000  -0.000000e+000  -0.000000e+000  -0.000000e+000  
-0.000000e+000  -0.000000e+000  -0.000000e+000  -0.000000e+000  -0.000000e+000  -0.000000e+000  -0.000000e+000  -0.000000e+000  -0.000000e+000  -0.000000e+000  -0.000000e+000  -0.000000e+000  -0.000000e+000  -0.000000e+000  -0.000000e+000  -0.000000e+000  -0.000000e+000  -0.000000e+000  -0.000000e+000  

-0.000000e+000  -0.000000e+000  -0.000000e+000  -0.000000e+000  -0.000000e+000  -0.000000e+000  -0.000000e+000  -0.000000e+000  -0.000000e+000  -0.000000e+000  -0.000000e+000  -0.000000e+000  -0.000000e+000  -0.000000e+000  -0.000000e+000  -0.000000e+000  -0.000000e+000  -0.000000e+000  -0.000000e+000  
-0.000000e+000  -0.000000e+000  -0.000000e+000  -0.000000e+000  -0.000000e+000  -0.000000e+000  -0.000000e+000  -0.000000e+000  -0.000000e+000  -0.000000e+000  -0.000000e+000  -0.000000e+000  -0.000000e+000  -0.000000e+000  -0.000000e+000  -0.000000e+000  -0.000000e+000  -0.000000e+000  -0.000000e+000  
-0.000000e+000  -0.000000e+000  -0.000000e+000  -0.000000e+000  -0.000000e+000  -0.000000e+000  1.062926e-001  2.775211e-002  8.626138e-003  -1.078292e-003  -1.136534e-002  -3.352969e-002  -1.273389e-001  -0.000000e+000  -0.000000e+000  -0.000000e+000  -0.000000e+000  -0.000000e+000  -0.000000e+000  
-0.000000e+000  -0.000000e+000  -0.000000e+000  -0.000000e+000  -0.000000e+000  1.653204e-002  4.741575e-002  2.868187e-002  1.209679e-002  -1.891986e-003  -1.640860e-002  -3.477403e-002  -5.633667e-002  -1.916254e-002  -0.000000e+000  -0.000000e+000  -0.000000e+000  -0.000000e+000  -0.000000e+000  
-0.000000e+000  -0.000000e+000  -0.000000e+000  -0.000000e+000  1.755907e-002  2.793150e-002  3.488916e-002  2.587102e-002  1.232846e-002  -2.079684e-003  -1.673553e-002  -3.089449e-002  -4.018154e-002  -3.100475e-002  -1.881399e-002  -0.000000e+000  -0.000000e+000  -0.000000e+000  -0.000000e+000  
-0.000000e+000  -0.000000e+000  -0.000000e+000  3.751044e-002  4.352647e-002  4.117547e-002  3.637616e-002  2.613009e-002  1.273259e-002  -1.902716e-003  -1.661834e-002  -3.014973e-002  -4.023132e-002  -4.411787e-002  -4.555958e-002  -3.874182e-002  -0.000000e+000  -0.000000e+000  -0.000000e+000  
-0.000000e+000  -0.000000e+000  3.010123e-001  1.275065e-001  7.541372e-002  5.455254e-002  4.126523e-002  2.807136e-002  1.365890e-002  -1.538724e-003  -1.675130e-002  -3.115975e-002  -4.421398e-002  -5.719539e-002  -7.800344e-002  -1.310858e-001  -3.090719e-001  -0.000000e+000  -0.000000e+000  
-0.000000e+000  -0.000000e+000  8.267960e-002  8.720305e-002  7.182940e-002  5.728908e-002  4.374030e-002  2.965320e-002  1.460230e-002  -1.073257e-003  -1.674609e-002  -3.177228e-002  -4.578363e-002  -5.923056e-002  -7.378760e-002  -8.939202e-002  -8.479359e-002  -0.000000e+000  -0.000000e+000  
-0.000000e+000  -0.000000e+000  3.935533e-002  6.200316e-002  6.337323e-002  5.581298e-002  4.429483e-002  3.053154e-002  1.534937e-002  -5.503964e-004  -1.644628e-002  -3.161300e-002  -4.534382e-002  -5.682551e-002  -6.437585e-002  -6.298635e-002  -4.004506e-002  -0.000000e+000  -0.000000e+000  
-0.000000e+000  -0.000000e+000  3.125571e-002  5.484245e-002  6.028446e-002  5.515704e-002  4.460386e-002  3.111222e-002  1.595112e-002  -1.520365e-007  -1.595124e-002  -3.111212e-002  -4.460385e-002  -5.515695e-002  -6.028449e-002  -5.484234e-002  -3.125578e-002  -0.000000e+000  -0.000000e+000  
-0.000000e+000  -0.000000e+000  4.004510e-002  6.298644e-002  6.437592e-002  5.682563e-002  4.534390e-002  3.161297e-002  1.644624e-002  5.502607e-004  -1.534944e-002  -3.053143e-002  -4.429470e-002  -5.581301e-002  -6.337311e-002  -6.200315e-002  -3.935533e-002  -0.000000e+000  -0.000000e+000  
-0.000000e+000  -0.000000e+000  8.479361e-002  8.939208e-002  7.378773e-002  5.923057e-002  4.578369e-002  3.177212e-002  1.674614e-002  1.073206e-003  -1.460223e-002  -2.965313e-002  -4.374031e-002  -5.728895e-002  -7.182927e-002  -8.720297e-002  -8.267955e-002  -0.000000e+000  -0.000000e+000  
-0.000000e+000  -0.000000e+000  3.090720e-001  1.310857e-001  7.800356e-002  5.719542e-002  4.421389e-002  3.115980e-002  1.675105e-002  1.538666e-003  -1.365883e-002  -2.807137e-002  -4.126517e-002  -5.455261e-002  -7.541367e-002  -1.275066e-001  -3.010122e-001  -0.000000e+000  -0.000000e+000  
-0.000000e+000  -0.000000e+000  -0.000000e+000  3.874173e-002  4.555962e-002  4.411778e-002  4.023134e-002  3.014962e-002  1.661829e-002  1.902750e-003  -1.273259e-002  -2.613000e-002  -3.637622e-002  -4.117542e-002  -4.352656e-002  -3.751044e-002  -0.000000e+000  -0.000000e+000  -0.000000e+000  
-0.000000e+000  -0.000000e+000  -0.000000e+000  -0.000000e+000  1.881386e-002  3.100474e-002  4.018148e-002  3.089441e-002  1.673547e-002  2.079670e-003  -1.232844e-002  -2.587103e-002  -3.488897e-002  -2.793145e-002  -1.755910e-002  -0.000000e+000  -0.000000e+000  -0.000000e+000  -0.000000e+000  
-0.000000e+000  -0.000000e+000  -0.000000e+000  -0.000000e+000  -0.000000e+000  1.916247e-002  5.633664e-002  3.477396e-002  1.640857e-002  1.891972e-003  -1.209677e-002  -2.868184e-002  -4.741585e-002  -1.653194e-002  -0.000000e+000  -0.000000e+000  -0.000000e+000  -0.000000e+000  -0.000000e+000  
-0.000000e+000  -0.000000e+000  -0.000000e+000  -0.000000e+000  -0.000000e+000  -0.000000e+000  1.273388e-001  3.352972e-002  1.136545e-002  1.078242e-003  -8.626135e-003  -2.775230e-002  -1.062920e-001  -0.000000e+000  -0.000000e+000  -0.000000e+000  -0.000000e+000  -0.000000e+000  -0.000000e+000  
-0.000000e+000  -0.000000e+000  -0.000000e+000  -0.000000e+000  -0.000000e+000  -0.000000e+000  -0.000000e+000  -0.000000e+000  -0.000000e+000  -0.000000e+000  -0.000000e+000  -0.000000e+000  -0.000000e+000  -0.000000e+000  -0.000000e+000  -0.000000e+000  -0.000000e+000  -0.000000e+000  -0.000000e+000  
-0.000000e+000  -0.000000e+000  -0.000000e+000  -0.000000e+000  -0.000000e+000  -0.000000e+000  -0.000000e+000  -0.000000e+000  -0.000000e+000  -0.000000e+000  -0.000000e+000  -0.000000e+000  -0.000000e+000  -0.000000e+000  -0.000000e+000  -0.000000e+000  -0.000000e+000  -0.000000e+000  -0.000000e+000  

0.000000e+000  0.000000e+000  0.000000e+000  0.000000e+000  0.000000e+000  0.000000e+000  0.000000e+000  0.000000e+000  0.000000e+000  0.000000e+000  0.000000e+000  0.000000e+000  0.000000e+000  0.000000e+000  0.000000e+000  0.000000e+000  0.000000e+000  0.000000e+000  0.000000e+000  
0.000000e+000  0.000000e+000  0.000000e+000  0.000000e+000  0.000000e+000  0.000000e+000  0.000000e+000  0.000000e+000  0.000000e+000  0.000000e+000  0.000000e+000  0.000000e+000  0.000000e+000  0.000000e+000  0.000000e+000  0.000000e+000  0.000000e+000  0.000000e+000  0.000000e+000  
0.000000e+000  0.000000e+000  0.000000e+000  0.000000e+000  0.000000e+000  0.000000e+000  0.000000e+000  0.000000e+000  0.000000e+000  0.000000e+000  0.000000e+000  0.000000e+000  0.000000e+000  0.000000e+000  0.000000e+000  0.000000e+000  0.000000e+000  0.000000e+000  0.000000e+000  
0.000000e+000  0.000000e+000  0.000000e+000  0.000000e+000  0.000000e+000  0.000000e+000  0.000000e+000  0.000000e+000  0.000000e+000  0.000000e+000  0.000000e+000  0.000000e+000  0.000000e+000  0.000000e+000  0.000000e+000  0.000000e+000  0.000000e+000  0.000000e+000  0.000000e+000  
0.000000e+000  0.000000e+000  0.000000e+000  0.000000e+000  0.000000e+000  0.000000e+000  0.000000e+000  0.000000e+000  0.000000e+000  0.000000e+000  0.000000e+000  0.000000e+000  0.000000e+000  0.000000e+000  0.000000e+000  0.000000e+000  0.000000e+000  0.000000e+000  0.000000e+000  
0.000000e+000  0.000000e+000  0.000000e+000  0.000000e+000  0.000000e+000  0.000000e+000  0.000000e+000  0.000000e+000  0.000000e+000  0.000000e+000  0.000000e+000  0.000000e+000  0.000000e+000  0.000000e+000  0.000000e+000  0.000000e+000  0.000000e+000  0.000000e+000  0.000000e+000  
0.000000e+000  0.000000e+000  0.000000e+000  0.000000e+000  0.000000e+000  0.000000e+000  0.000000e+000  0.000000e+000  0.000000e+000  0.000000e+000  0.000000e+000  0.000000e+000  0.000000e+000  0.000000e+000  0.000000e+000  0.000000e+000  0.000000e+000  0.000000e+000  0.000000e+000  
0.000000e+000  0.000000e+000  0.000000e+000  0.000000e+000  0.000000e+000  0.000000e+000  0.000000e+000  0.000000e+000  0.000000e+000  0.000000e+000  0.000000e+000  0.000000e+000  0.000000e+000  0.000000e+000  0.000000e+000  0.000000e+000  0.000000e+000  0.000000e+000  0.000000e+000  
0.000000e+000  0.000000e+000  0.000000e+000  0.000000e+000  0.000000e+000  0.000000e+000  0.000000e+000  0.000000e+000  0.000000e+000  0.000000e+000  0.000000e+000  0.000000e+000  0.000000e+000  0.000000e+000  0.000000e+000  0.000000e+000  0.000000e+000  0.000000e+000  0.000000e+000  
0.000000e+000  0.000000e+000  0.000000e+000  0.000000e+000  0.000000e+000  0.000000e+000  0.000000e+000  0.000000e+000  0.000000e+000  0.000000e+000  0.000000e+000  0.000000e+000  0.000000e+000  0.000000e+000  0.000000e+000  0.000000e+000  0.000000e+000  0.000000e+000  0.000000e+000  
0.000000e+000  0.000000e+000  0.000000e+000  0.000000e+000  0.000000e+000  0.000000e+000  0.000000e+000  0.000000e+000  0.000000e+000  0.000000e+000  0.000000e+000  0.000000e+000  0.000000e+000  0.000000e+000  0.000000e+000  0.000000e+000  0.000000e+000  0.000000e+000  0.000000e+000  
0.000000e+000  0.000000e+000  0.000000e+000  0.000000e+000  0.000000e+000  0.000000e+000  0.000000e+000  0.000000e+000  0.000000e+000  0.000000e+000  0.000000e+000  0.000000e+000  0.000000e+000  0.000000e+000  0.000000e+000  0.000000e+000  0.000000e+000  0.000000e+000  0.000000e+000  
0.000000e+000  0.000000e+000  0.000000e+000  0.000000e+000  0.000000e+000  0.000000e+000  0.000000e+000  0.000000e+000  0.000000e+000  0.000000e+000  0.000000e+000  0.000000e+000  0.000000e+000  0.000000e+000  0.000000e+000  0.000000e+000  0.000000e+000  0.000000e+000  0.000000e+000  
0.000000e+000  0.000000e+000  0.000000e+000  0.000000e+000  0.000000e+000  0.000000e+000  0.000000e+000  0.000000e+000  0.000000e+000  0.000000e+000  0.000000e+000  0.000000e+000  0.000000e+000  0.000000e+000  0.000000e+000  0.000000e+000  0.000000e+000  0.000000e+000  0.000000e+000  
0.000000e+000  0.000000e+000  0.000000e+000  0.000000e+000  0.000000e+000  0.000000e+000  0.000000e+000  0.000000e+000  0.000000e+000  0.000000e+000  0.000000e+000  0.000000e+000  0.000000e+000  0.000000e+000  0.000000e+000  0.000000e+000  0.000000e+000  0.000000e+000  0.000000e+000  
0.000000e+000  0.000000e+000  0.000000e+000  0.000000e+000  0.000000e+000  0.000000e+000  0.000000e+000  0.000000e+000  0.000000e+000  0.000000e+000  0.000000e+000  0.000000e+000  0.000000e+000  0.000000e+000  0.000000e+000  0.000000e+000  0.000000e+000  0.000000e+000  0.000000e+000  
0.000000e+000  0.000000e+000  0.000000e+000  0.000000e+000  0.000000e+000  0.000000e+000  0.000000e+000  0.000000e+000  0.000000e+000  0.000000e+000  0.000000e+000  0.000000e+000  0.000000e+000  0.000000e+000  0.000000e+000  0.000000e+000  0.000000e+000  0.000000e+000  0.000000e+000  
0.000000e+000  0.000000e+000  0.000000e+000  0.000000e+000  0.000000e+000  0.000000e+000  0.000000e+000  0.000000e+000  0.000000e+000  0.000000e+000  0.000000e+000  0.000000e+000  0.000000e+000  0.000000e+000  0.000000e+000  0.000000e+000  0.000000e+000  0.000000e+000  0.000000e+000  
0.000000e+000  0.000000e+000  0.000000e+000  0.000000e+000  0.000000e+000  0.000000e+000  0.000000e+000  0.000000e+000  0.000000e+000  0.000000e+000  0.000000e+000  0.000000e+000  0.000000e+000  0.000000e+000  0.000000e+000  0.000000e+000  0.000000e+000  0.000000e+000  0.000000e+000  

0.000000e+000  0.000000e+000  0.000000e+000  0.000000e+000  0.000000e+000  0.000000e+000  0.000000e+000  0.000000e+000  0.000000e+000  0.000000e+000  0.000000e+000  0.000000e+000  0.000000e+000  0.000000e+000  0.000000e+000  0.000000e+000  0.000000e+000  0.000000e+000  0.000000e+000  
0.000000e+000  0.000000e+000  0.000000e+000  0.000000e+000  0.000000e+000  0.000000e+000  0.000000e+000  0.000000e+000  0.000000e+000  0.000000e+000  0.000000e+000  0.000000e+000  0.000000e+000  0.000000e+000  0.000000e+000  0.000000e+000  0.000000e+000  0.000000e+000  0.000000e+000  
0.000000e+000  0.000000e+000  0.000000e+000  0.000000e+000  0.000000e+000  0.000000e+000  0.000000e+000  0.000000e+000  0.000000e+000  0.000000e+000  0.000000e+000  0.000000e+000  0.000000e+000  0.000000e+000  0.000000e+000  0.000000e+000  0.000000e+000  0.000000e+000  0.000000e+000  
0.000000e+000  0.000000e+000  0.000000e+000  0.000000e+000  0.000000e+000  0.000000e+000  0.000000e+000  0.000000e+000  0.000000e+000  0.000000e+000  0.000000e+000  0.000000e+000  0.000000e+000  0.000000e+000  0.000000e+000  0.000000e+000  0.000000e+000  0.000000e+000  0.000000e+000  
0.000000e+000  0.000000e+000  0.000000e+000  0.000000e+000  0.000000e+000  0.000000e+000  0.000000e+000  0.000000e+000  0.000000e+000  0.000000e+000  0.000000e+000  0.000000e+000  0.000000e+000  0.000000e+000  0.000000e+000  0.000000e+000  0.000000e+000  0.000000e+000  0.000000e+000  
0.000000e+000  0.000000e+000  0.000000e+000  0.000000e+000  0.000000e+000  0.000000e+000  0.000000e+000  0.000000e+000  0.000000e+000  0.000000e+000  0.000000e+000  0.000000e+000  0.000000e+000  0.000000e+000  0.000000e+000  0.000000e+000  0.000000e+000  0.000000e+000  0.000000e+000  
0.000000e+000  0.000000e+000  0.000000e+000  0.000000e+000  0.000000e+000  0.000000e+000  0.000000e+000  0.000000e+000  0.000000e+000  0.000000e+000  0.000000e+000  0.000000e+000  0.000000e+000  0.000000e+000  0.000000e+000  0.000000e+000  0.000000e+000  0.000000e+000  0.000000e+000  
0.000000e+000  0.000000e+000  0.000000e+000  0.000000e+000  0.000000e+000  0.000000e+000  0.000000e+000  0.000000e+000  0.000000e+000  0.000000e+000  0.000000e+000  0.000000e+000  0.000000e+000  0.000000e+000  0.000000e+000  0.000000e+000  0.000000e+000  0.000000e+000  0.000000e+000  
0.000000e+000  0.000000e+000  0.000000e+000  0.000000e+000  0.000000e+000  0.000000e+000  0.000000e+000  0.000000e+000  0.000000e+000  0.000000e+000  0.000000e+000  0.000000e+000  0.000000e+000  0.000000e+000  0.000000e+000  0.000000e+000  0.000000e+000  0.000000e+000  0.000000e+000  
0.000000e+000  0.000000e+000  0.000000e+000  0.000000e+000  0.000000e+000  0.000000e+000  0.000000e+000  0.000000e+000  0.000000e+000  0.000000e+000  0.000000e+000  0.000000e+000  0.000000e+000  0.000000e+000  0.000000e+000  0.000000e+000  0.000000e+000  0.000000e+000  0.000000e+000  
0.000000e+000  0.000000e+000  0.000000e+000  0.000000e+000  0.000000e+000  0.000000e+000  0.000000e+000  0.000000e+000  0.000000e+000  0.000000e+000  0.000000e+000  0.000000e+000  0.000000e+000  0.000000e+000  0.000000e+000  0.000000e+000  0.000000e+000  0.000000e+000  0.000000e+000  
0.000000e+000  0.000000e+000  0.000000e+000  0.000000e+000  0.000000e+000  0.000000e+000  0.000000e+000  0.000000e+000  0.000000e+000  0.000000e+000  0.000000e+000  0.000000e+000  0.000000e+000  0.000000e+000  0.000000e+000  0.000000e+000  0.000000e+000  0.000000e+000  0.000000e+000  
0.000000e+000  0.000000e+000  0.000000e+000  0.000000e+000  0.000000e+000  0.000000e+000  0.000000e+000  0.000000e+000  0.000000e+000  0.000000e+000  0.000000e+000  0.000000e+000  0.000000e+000  0.000000e+000  0.000000e+000  0.000000e+000  0.000000e+000  0.000000e+000  0.000000e+000  
0.000000e+000  0.000000e+000  0.000000e+000  0.000000e+000  0.000000e+000  0.000000e+000  0.000000e+000  0.000000e+000  0.000000e+000  0.000000e+000  0.000000e+000  0.000000e+000  0.000000e+000  0.000000e+000  0.000000e+000  0.000000e+000  0.000000e+000  0.000000e+000  0.000000e+000  
0.000000e+000  0.000000e+000  0.000000e+000  0.000000e+000  0.000000e+000  0.000000e+000  0.000000e+000  0.000000e+000  0.000000e+000  0.000000e+000  0.000000e+000  0.000000e+000  0.000000e+000  0.000000e+000  0.000000e+000  0.000000e+000  0.000000e+000  0.000000e+000  0.000000e+000  
0.000000e+000  0.000000e+000  0.000000e+000  0.000000e+000  0.000000e+000  0.000000e+000  0.000000e+000  0.000000e+000  0.000000e+000  0.000000e+000  0.000000e+000  0.000000e+000  0.000000e+000  0.000000e+000  0.000000e+000  0.000000e+000  0.000000e+000  0.000000e+000  0.000000e+000  
0.000000e+000  0.000000e+000  0.000000e+000  0.000000e+000  0.000000e+000  0.000000e+000  0.000000e+000  0.000000e+000  0.000000e+000  0.000000e+000  0.000000e+000  0.000000e+000  0.000000e+000  0.000000e+000  0.000000e+000  0.000000e+000  0.000000e+000  0.000000e+000  0.000000e+000  
0.000000e+000  0.000000e+000  0.000000e+000  0.000000e+000  0.000000e+000  0.000000e+000  0.000000e+000  0.000000e+000  0.000000e+000  0.000000e+000  0.000000e+000  0.000000e+000  0.000000e+000  0.000000e+000  0.000000e+000  0.000000e+000  0.000000e+000  0.000000e+000  0.000000e+000  
0.000000e+000  0.000000e+000  0.000000e+000  0.000000e+000  0.000000e+000  0.000000e+000  0.000000e+000  0.000000e+000  0.000000e+000  0.000000e+000  0.000000e+000  0.000000e+000  0.000000e+000  0.000000e+000  0.000000e+000  0.000000e+000  0.000000e+000  0.000000e+000  0.000000e+000  

0.000000e+000  0.000000e+000  0.000000e+000  0.000000e+000  0.000000e+000  0.000000e+000  0.000000e+000  0.000000e+000  0.000000e+000  0.000000e+000  0.000000e+000  0.000000e+000  0.000000e+000  0.000000e+000  0.000000e+000  0.000000e+000  0.000000e+000  0.000000e+000  0.000000e+000  
0.000000e+000  0.000000e+000  0.000000e+000  0.000000e+000  0.000000e+000  0.000000e+000  0.000000e+000  0.000000e+000  0.000000e+000  0.000000e+000  0.000000e+000  0.000000e+000  0.000000e+000  0.000000e+000  0.000000e+000  0.000000e+000  0.000000e+000  0.000000e+000  0.000000e+000  
0.000000e+000  0.000000e+000  0.000000e+000  0.000000e+000  0.000000e+000  0.000000e+000  0.000000e+000  0.000000e+000  0.000000e+000  0.000000e+000  0.000000e+000  0.000000e+000  0.000000e+000  0.000000e+000  0.000000e+000  0.000000e+000  0.000000e+000  0.000000e+000  0.000000e+000  
0.000000e+000  0.000000e+000  0.000000e+000  0.000000e+000  0.000000e+000  0.000000e+000  0.000000e+000  0.000000e+000  0.000000e+000  0.000000e+000  0.000000e+000  0.000000e+000  0.000000e+000  0.000000e+000  0.000000e+000  0.000000e+000  0.000000e+000  0.000000e+000  0.000000e+000  
0.000000e+000  0.000000e+000  0.000000e+000  0.000000e+000  0.000000e+000  0.000000e+000  0.000000e+000  0.000000e+000  0.000000e+000  0.000000e+000  0.000000e+000  0.000000e+000  0.000000e+000  0.000000e+000  0.000000e+000  0.000000e+000  0.000000e+000  0.000000e+000  0.000000e+000  
0.000000e+000  0.000000e+000  0.000000e+000  0.000000e+000  0.000000e+000  0.000000e+000  0.000000e+000  0.000000e+000  0.000000e+000  0.000000e+000  0.000000e+000  0.000000e+000  0.000000e+000  0.000000e+000  0.000000e+000  0.000000e+000  0.000000e+000  0.000000e+000  0.000000e+000  
0.000000e+000  0.000000e+000  0.000000e+000  0.000000e+000  0.000000e+000  0.000000e+000  0.000000e+000  0.000000e+000  0.000000e+000  0.000000e+000  0.000000e+000  0.000000e+000  0.000000e+000  0.000000e+000  0.000000e+000  0.000000e+000  0.000000e+000  0.000000e+000  0.000000e+000  
0.000000e+000  0.000000e+000  0.000000e+000  0.000000e+000  0.000000e+000  0.000000e+000  0.000000e+000  0.000000e+000  0.000000e+000  0.000000e+000  0.000000e+000  0.000000e+000  0.000000e+000  0.000000e+000  0.000000e+000  0.000000e+000  0.000000e+000  0.000000e+000  0.000000e+000  
0.000000e+000  0.000000e+000  0.000000e+000  0.000000e+000  0.000000e+000  0.000000e+000  0.000000e+000  0.000000e+000  0.000000e+000  0.000000e+000  0.000000e+000  0.000000e+000  0.000000e+000  0.000000e+000  0.000000e+000  0.000000e+000  0.000000e+000  0.000000e+000  0.000000e+000  
0.000000e+000  0.000000e+000  0.000000e+000  0.000000e+000  0.000000e+000  0.000000e+000  0.000000e+000  0.000000e+000  0.000000e+000  0.000000e+000  0.000000e+000  0.000000e+000  0.000000e+000  0.000000e+000  0.000000e+000  0.000000e+000  0.000000e+000  0.000000e+000  0.000000e+000  
0.000000e+000  0.000000e+000  0.000000e+000  0.000000e+000  0.000000e+000  0.000000e+000  0.000000e+000  0.000000e+000  0.000000e+000  0.000000e+000  0.000000e+000  0.000000e+000  0.000000e+000  0.000000e+000  0.000000e+000  0.000000e+000  0.000000e+000  0.000000e+000  0.000000e+000  
0.000000e+000  0.000000e+000  0.000000e+000  0.000000e+000  0.000000e+000  0.000000e+000  0.000000e+000  0.000000e+000  0.000000e+000  0.000000e+000  0.000000e+000  0.000000e+000  0.000000e+000  0.000000e+000  0.000000e+000  0.000000e+000  0.000000e+000  0.000000e+000  0.000000e+000  
0.000000e+000  0.000000e+000  0.000000e+000  0.000000e+000  0.000000e+000  0.000000e+000  0.000000e+000  0.000000e+000  0.000000e+000  0.000000e+000  0.000000e+000  0.000000e+000  0.000000e+000  0.000000e+000  0.000000e+000  0.000000e+000  0.000000e+000  0.000000e+000  0.000000e+000  
0.000000e+000  0.000000e+000  0.000000e+000  0.000000e+000  0.000000e+000  0.000000e+000  0.000000e+000  0.000000e+000  0.000000e+000  0.000000e+000  0.000000e+000  0.000000e+000  0.000000e+000  0.000000e+000  0.000000e+000  0.000000e+000  0.000000e+000  0.000000e+000  0.000000e+000  
0.000000e+000  0.000000e+000  0.000000e+000  0.000000e+000  0.000000e+000  0.000000e+000  0.000000e+000  0.000000e+000  0.000000e+000  0.000000e+000  0.000000e+000  0.000000e+000  0.000000e+000  0.000000e+000  0.000000e+000  0.000000e+000  0.000000e+000  0.000000e+000  0.000000e+000  
0.000000e+000  0.000000e+000  0.000000e+000  0.000000e+000  0.000000e+000  0.000000e+000  0.000000e+000  0.000000e+000  0.000000e+000  0.000000e+000  0.000000e+000  0.000000e+000  0.000000e+000  0.000000e+000  0.000000e+000  0.000000e+000  0.000000e+000  0.000000e+000  0.000000e+000  
0.000000e+000  0.000000e+000  0.000000e+000  0.000000e+000  0.000000e+000  0.000000e+000  0.000000e+000  0.000000e+000  0.000000e+000  0.000000e+000  0.000000e+000  0.000000e+000  0.000000e+000  0.000000e+000  0.000000e+000  0.000000e+000  0.000000e+000  0.000000e+000  0.000000e+000  
0.000000e+000  0.000000e+000  0.000000e+000  0.000000e+000  0.000000e+000  0.000000e+000  0.000000e+000  0.000000e+000  0.000000e+000  0.000000e+000  0.000000e+000  0.000000e+000  0.000000e+000  0.000000e+000  0.000000e+000  0.000000e+000  0.000000e+000  0.000000e+000  0.000000e+000  
0.000000e+000  0.000000e+000  0.000000e+000  0.000000e+000  0.000000e+000  0.000000e+000  0.000000e+000  0.000000e+000  0.000000e+000  0.000000e+000  0.000000e+000  0.000000e+000  0.000000e+000  0.000000e+000  0.000000e+000  0.000000e+000  0.000000e+000  0.000000e+000  0.000000e+000  

